#
# There is insufficient memory for the Java Runtime Environment to continue.
# Native memory allocation (malloc) failed to allocate 1642416 bytes for Chunk::new
# Possible reasons:
#   The system is out of physical RAM or swap space
#   The process is running with CompressedOops enabled, and the Java Heap may be blocking the growth of the native heap
# Possible solutions:
#   Reduce memory load on the system
#   Increase physical memory or swap space
#   Check if swap backing store is full
#   Decrease Java heap size (-Xmx/-Xms)
#   Decrease number of Java threads
#   Decrease Java thread stack sizes (-Xss)
#   Set larger code cache with -XX:ReservedCodeCacheSize=
#   JVM is running with Unscaled Compressed Oops mode in which the Java heap is
#     placed in the first 4GB address space. The Java Heap base address is the
#     maximum limit for the native heap growth. Please use -XX:HeapBaseMinAddress
#     to set the Java Heap base and to place the Java Heap above 4GB virtual address.
# This output file may be truncated or incomplete.
#
#  Out of Memory Error (arena.cpp:184), pid=16988, tid=2412
#
# JRE version: OpenJDK Runtime Environment Temurin-19.0.2+7 (19.0.2+7) (build 19.0.2+7)
# Java VM: OpenJDK 64-Bit Server VM Temurin-19.0.2+7 (19.0.2+7, mixed mode, sharing, tiered, compressed oops, compressed class ptrs, g1 gc, windows-amd64)
# No core dump will be written. Minidumps are not enabled by default on client versions of Windows
#

---------------  S U M M A R Y ------------

Command Line: --add-modules=ALL-SYSTEM --add-opens=java.base/java.util=ALL-UNNAMED --add-opens=java.base/java.lang=ALL-UNNAMED -Declipse.application=org.python.pydev.pydev_lsp.application -Dosgi.bundles.defaultStartLevel=4 -Declipse.product=org.python.pydev.pydev_lsp.product -Xmx1G -XX:+UseG1GC -XX:+UseStringDeduplication c:\Users\lenovo\.vscode\extensions\fabioz.vscode-pydev-0.16.0\server\plugins\org.eclipse.equinox.launcher_1.6.700.v20240213-1244.jar -configuration c:\Users\lenovo\.vscode\extensions\fabioz.vscode-pydev-0.16.0\server\config_win -data c:\Users\lenovo\AppData\Roaming\Code\User\workspaceStorage\240435d0fa89db6fcbcb1b59095e7c16\fabioz.vscode-pydev\pydev_ws

Host: Intel(R) Core(TM) i5-8350U CPU @ 1.70GHz, 8 cores, 7G,  Windows 11 , 64 bit Build 26100 (10.0.26100.7653)
Time: Mon Feb  9 22:52:49 2026 Greenwich elapsed time: 24.170981 seconds (0d 0h 0m 24s)

---------------  T H R E A D  ---------------

Current thread (0x000002616dd978f0):  JavaThread "C2 CompilerThread0" daemon [_thread_in_native, id=2412, stack(0x000000b89b400000,0x000000b89b500000)]


Current CompileTask:
C2:  24171 3268       4       org.eclipse.core.internal.resources.Resource$$Lambda$197/0x0000000800dbbb70::visitElement (27 bytes)

Stack: [0x000000b89b400000,0x000000b89b500000]
Native frames: (J=compiled Java code, j=interpreted, Vv=VM code, C=native code)
V  [jvm.dll+0x6e9e1a]
V  [jvm.dll+0x8a36c0]
V  [jvm.dll+0x8a50ae]
V  [jvm.dll+0x8a5763]
V  [jvm.dll+0x27bcdf]
V  [jvm.dll+0xc221f]
V  [jvm.dll+0xc2595]
V  [jvm.dll+0x3b7d61]
V  [jvm.dll+0x3815f1]
V  [jvm.dll+0x380a9a]
V  [jvm.dll+0x2452db]
V  [jvm.dll+0x244671]
V  [jvm.dll+0x1cf4b1]
V  [jvm.dll+0x254229]
V  [jvm.dll+0x252418]
V  [jvm.dll+0x85403d]
V  [jvm.dll+0x84de3a]
V  [jvm.dll+0x6e8abb]
C  [ucrtbase.dll+0x37b0]
C  [KERNEL32.DLL+0x2e8d7]
C  [ntdll.dll+0x8c40c]


---------------  P R O C E S S  ---------------

Threads class SMR info:
_java_thread_list=0x00000261727da1f0, length=29, elements={
0x0000026154564c50, 0x000002616dd8aca0, 0x000002616dd8b2e0, 0x000002616dd8e320,
0x000002616dd8e860, 0x000002616dd92db0, 0x000002616dd94740, 0x000002616dd978f0,
0x000002616ddb4020, 0x000002616ddb7bf0, 0x000002616dd55630, 0x000002617215cc30,
0x0000026172380160, 0x0000026172164690, 0x0000026172384a60, 0x0000026172852290,
0x00000261725b2210, 0x00000261734ecec0, 0x00000261734ee400, 0x00000261734ee950,
0x00000261734ec420, 0x00000261734ed960, 0x00000261734ed410, 0x00000261734eeea0,
0x00000261734ec970, 0x0000026172e6ac60, 0x00000261734edeb0, 0x00000261734eb980,
0x0000026172e6a140
}

Java Threads: ( => current thread )
  0x0000026154564c50 JavaThread "main" [_thread_blocked, id=31104, stack(0x000000b89a600000,0x000000b89a700000)]
  0x000002616dd8aca0 JavaThread "Reference Handler" daemon [_thread_blocked, id=14728, stack(0x000000b89ae00000,0x000000b89af00000)]
  0x000002616dd8b2e0 JavaThread "Finalizer" daemon [_thread_blocked, id=10940, stack(0x000000b89af00000,0x000000b89b000000)]
  0x000002616dd8e320 JavaThread "Signal Dispatcher" daemon [_thread_blocked, id=30600, stack(0x000000b89b000000,0x000000b89b100000)]
  0x000002616dd8e860 JavaThread "Attach Listener" daemon [_thread_blocked, id=20860, stack(0x000000b89b100000,0x000000b89b200000)]
  0x000002616dd92db0 JavaThread "Service Thread" daemon [_thread_blocked, id=32636, stack(0x000000b89b200000,0x000000b89b300000)]
  0x000002616dd94740 JavaThread "Monitor Deflation Thread" daemon [_thread_blocked, id=26084, stack(0x000000b89b300000,0x000000b89b400000)]
=>0x000002616dd978f0 JavaThread "C2 CompilerThread0" daemon [_thread_in_native, id=2412, stack(0x000000b89b400000,0x000000b89b500000)]
  0x000002616ddb4020 JavaThread "C1 CompilerThread0" daemon [_thread_blocked, id=13788, stack(0x000000b89b500000,0x000000b89b600000)]
  0x000002616ddb7bf0 JavaThread "Sweeper thread" daemon [_thread_blocked, id=32616, stack(0x000000b89b600000,0x000000b89b700000)]
  0x000002616dd55630 JavaThread "Common-Cleaner" daemon [_thread_blocked, id=152, stack(0x000000b89b700000,0x000000b89b800000)]
  0x000002617215cc30 JavaThread "Notification Thread" daemon [_thread_blocked, id=28500, stack(0x000000b89b800000,0x000000b89b900000)]
  0x0000026172380160 JavaThread "Active Thread: Equinox Container: b968465c-ceb5-401b-b2f9-9fbc77f66568" [_thread_blocked, id=21000, stack(0x000000b89bb00000,0x000000b89bc00000)]
  0x0000026172164690 JavaThread "Framework Event Dispatcher: Equinox Container: b968465c-ceb5-401b-b2f9-9fbc77f66568" daemon [_thread_blocked, id=31120, stack(0x000000b89c200000,0x000000b89c300000)]
  0x0000026172384a60 JavaThread "Start Level: Equinox Container: b968465c-ceb5-401b-b2f9-9fbc77f66568" daemon [_thread_blocked, id=31428, stack(0x000000b89c300000,0x000000b89c400000)]
  0x0000026172852290 JavaThread "SCR Component Actor" daemon [_thread_blocked, id=21120, stack(0x000000b89c400000,0x000000b89c500000)]
  0x00000261725b2210 JavaThread "Worker-JM" [_thread_blocked, id=28276, stack(0x000000b89c600000,0x000000b89c700000)]
  0x00000261734ecec0 JavaThread "Worker-0: Refreshing workspace" [_thread_blocked, id=30004, stack(0x000000b89c700000,0x000000b89c800000)]
  0x00000261734ee400 JavaThread "Worker-1: Refresh" [_thread_in_native, id=25044, stack(0x000000b89c800000,0x000000b89c900000)]
  0x00000261734ee950 JavaThread "Worker-2: Updating workspace" [_thread_blocked, id=14700, stack(0x000000b89c900000,0x000000b89ca00000)]
  0x00000261734ec420 JavaThread "Worker-3" [_thread_blocked, id=15212, stack(0x000000b89ca00000,0x000000b89cb00000)]
  0x00000261734ed960 JavaThread "Worker-4" [_thread_blocked, id=31216, stack(0x000000b89cc00000,0x000000b89cd00000)]
  0x00000261734ed410 JavaThread "pool-2-thread-1" [_thread_blocked, id=15036, stack(0x000000b89cd00000,0x000000b89ce00000)]
  0x00000261734eeea0 JavaThread "pool-1-thread-1" [_thread_in_native, id=23076, stack(0x000000b89cb00000,0x000000b89cc00000)]
  0x00000261734ec970 JavaThread "Worker-5" [_thread_blocked, id=32568, stack(0x000000b89ce00000,0x000000b89cf00000)]
  0x0000026172e6ac60 JavaThread "C2 CompilerThread1" daemon [_thread_in_native, id=4772, stack(0x000000b89c500000,0x000000b89c600000)]
  0x00000261734edeb0 JavaThread "ForkJoinPool.commonPool-worker-1" daemon [_thread_in_native, id=4488, stack(0x000000b89cf00000,0x000000b89d000000)]
  0x00000261734eb980 JavaThread "Thread-2" [_thread_in_native, id=31392, stack(0x000000b89d000000,0x000000b89d100000)]
  0x0000026172e6a140 JavaThread "C2 CompilerThread2" daemon [_thread_in_native, id=15780, stack(0x000000b89d100000,0x000000b89d200000)]

Other Threads:
  0x000002616dd694f0 VMThread "VM Thread" [stack: 0x000000b89ad00000,0x000000b89ae00000] [id=2972]
  0x000002617215d170 WatcherThread "VM Periodic Task Thread" [stack: 0x000000b89b900000,0x000000b89ba00000] [id=11148]
  0x00000261545a9340 WorkerThread "GC Thread#0" [stack: 0x000000b89a700000,0x000000b89a800000] [id=20420]
  0x00000261727b8810 WorkerThread "GC Thread#1" [stack: 0x000000b89ba00000,0x000000b89bb00000] [id=23160]
  0x00000261727ef060 WorkerThread "GC Thread#2" [stack: 0x000000b89bc00000,0x000000b89bd00000] [id=1708]
  0x00000261727f06e0 WorkerThread "GC Thread#3" [stack: 0x000000b89bd00000,0x000000b89be00000] [id=23128]
  0x00000261727f0410 WorkerThread "GC Thread#4" [stack: 0x000000b89be00000,0x000000b89bf00000] [id=13580]
  0x00000261727efe70 WorkerThread "GC Thread#5" [stack: 0x000000b89bf00000,0x000000b89c000000] [id=28000]
  0x00000261727eed90 WorkerThread "GC Thread#6" [stack: 0x000000b89c000000,0x000000b89c100000] [id=30972]
  0x00000261727ef8d0 WorkerThread "GC Thread#7" [stack: 0x000000b89c100000,0x000000b89c200000] [id=8596]
  0x00000261545b24b0 ConcurrentGCThread "G1 Main Marker" [stack: 0x000000b89a800000,0x000000b89a900000] [id=10388]
  0x00000261545b4810 WorkerThread "G1 Conc#0" [stack: 0x000000b89a900000,0x000000b89aa00000] [id=18840]
  0x000002615461dbc0 ConcurrentGCThread "G1 Refine#0" [stack: 0x000000b89aa00000,0x000000b89ab00000] [id=21052]
  0x000002615461e0c0 ConcurrentGCThread "G1 Service" [stack: 0x000000b89ab00000,0x000000b89ac00000] [id=30860]
  0x000002616dd64930 ConcurrentGCThread "StringDedupProcessor" [stack: 0x000000b89ac00000,0x000000b89ad00000] [id=4780]

Threads with active compile tasks:
C2 CompilerThread0    26320 3268       4       org.eclipse.core.internal.resources.Resource$$Lambda$197/0x0000000800dbbb70::visitElement (27 bytes)
C2 CompilerThread1    26321 3273       4       org.eclipse.core.runtime.Path::<init> (77 bytes)
C2 CompilerThread2    26321 3271       4       org.eclipse.core.internal.watson.ElementTreeIterator::doIteration (114 bytes)

VM state: not at safepoint (normal execution)

VM Mutex/Monitor currently owned by a thread: None

Heap address: 0x00000000c0000000, size: 1024 MB, Compressed Oops mode: 32-bit

CDS archive(s) mapped at: [0x0000000800000000-0x0000000800ad0000-0x0000000800ad0000), size 11337728, SharedBaseAddress: 0x0000000800000000, ArchiveRelocationMode: 0.
Compressed class space mapped at: 0x0000000800c00000-0x0000000840c00000, reserved size: 1073741824
Narrow klass base: 0x0000000800000000, Narrow klass shift: 0, Narrow klass range: 0x100000000

GC Precious Log:
 CardTable entry size: 512
 Card Set container configuration: InlinePtr #cards 5 size 8 Array Of Cards #cards 12 size 40 Howl #buckets 4 coarsen threshold 1843 Howl Bitmap #cards 512 size 80 coarsen threshold 460 Card regions per heap region 1 cards per card region 2048
 CPUs: 8 total, 8 available
 Memory: 8035M
 Large Page Support: Disabled
 NUMA Support: Disabled
 Compressed Oops: Enabled (32-bit)
 Heap Region Size: 1M
 Heap Min Capacity: 8M
 Heap Initial Capacity: 126M
 Heap Max Capacity: 1G
 Pre-touch: Disabled
 Parallel Workers: 8
 Concurrent Workers: 2
 Concurrent Refinement Workers: 8
 Periodic GC: Disabled
 String Deduplication is enabled

Heap:
 garbage-first heap   total 129024K, used 55327K [0x00000000c0000000, 0x0000000100000000)
  region size 1024K, 32 young (32768K), 3 survivors (3072K)
 Metaspace       used 19934K, committed 20608K, reserved 1114112K
  class space    used 2061K, committed 2368K, reserved 1048576K

Heap Regions: E=young(eden), S=young(survivor), O=old, HS=humongous(starts), HC=humongous(continues), CS=collection set, F=free, OA=open archive, CA=closed archive, TAMS=top-at-mark-start (previous, next)
|   0|0x00000000c0000000, 0x00000000c0100000, 0x00000000c0100000|100%| O|  |TAMS 0x00000000c0000000, 0x00000000c0000000| Untracked 
|   1|0x00000000c0100000, 0x00000000c0200000, 0x00000000c0200000|100%| O|  |TAMS 0x00000000c0100000, 0x00000000c0100000| Untracked 
|   2|0x00000000c0200000, 0x00000000c0300000, 0x00000000c0300000|100%| O|  |TAMS 0x00000000c0200000, 0x00000000c0200000| Untracked 
|   3|0x00000000c0300000, 0x00000000c0400000, 0x00000000c0400000|100%| O|  |TAMS 0x00000000c0300000, 0x00000000c0300000| Untracked 
|   4|0x00000000c0400000, 0x00000000c0500000, 0x00000000c0500000|100%| O|  |TAMS 0x00000000c0400000, 0x00000000c0400000| Untracked 
|   5|0x00000000c0500000, 0x00000000c0600000, 0x00000000c0600000|100%| O|  |TAMS 0x00000000c0500000, 0x00000000c0500000| Untracked 
|   6|0x00000000c0600000, 0x00000000c0700000, 0x00000000c0700000|100%| O|  |TAMS 0x00000000c0600000, 0x00000000c0600000| Untracked 
|   7|0x00000000c0700000, 0x00000000c0800000, 0x00000000c0800000|100%| O|  |TAMS 0x00000000c0700000, 0x00000000c0700000| Untracked 
|   8|0x00000000c0800000, 0x00000000c0900000, 0x00000000c0900000|100%| O|  |TAMS 0x00000000c0800000, 0x00000000c0800000| Untracked 
|   9|0x00000000c0900000, 0x00000000c0a00000, 0x00000000c0a00000|100%| O|  |TAMS 0x00000000c0900000, 0x00000000c0900000| Untracked 
|  10|0x00000000c0a00000, 0x00000000c0b00000, 0x00000000c0b00000|100%| O|  |TAMS 0x00000000c0a00000, 0x00000000c0a00000| Untracked 
|  11|0x00000000c0b00000, 0x00000000c0c00000, 0x00000000c0c00000|100%| O|  |TAMS 0x00000000c0b00000, 0x00000000c0b00000| Untracked 
|  12|0x00000000c0c00000, 0x00000000c0d00000, 0x00000000c0d00000|100%| O|  |TAMS 0x00000000c0c00000, 0x00000000c0c00000| Untracked 
|  13|0x00000000c0d00000, 0x00000000c0e00000, 0x00000000c0e00000|100%| O|  |TAMS 0x00000000c0d00000, 0x00000000c0d00000| Untracked 
|  14|0x00000000c0e00000, 0x00000000c0f00000, 0x00000000c0f00000|100%| O|  |TAMS 0x00000000c0e00000, 0x00000000c0e00000| Untracked 
|  15|0x00000000c0f00000, 0x00000000c0f7e000, 0x00000000c1000000| 49%| O|  |TAMS 0x00000000c0f00000, 0x00000000c0f00000| Untracked 
|  16|0x00000000c1000000, 0x00000000c1000000, 0x00000000c1100000|  0%| F|  |TAMS 0x00000000c1000000, 0x00000000c1000000| Untracked 
|  17|0x00000000c1100000, 0x00000000c1200000, 0x00000000c1200000|100%| O|  |TAMS 0x00000000c1100000, 0x00000000c1100000| Untracked 
|  18|0x00000000c1200000, 0x00000000c1300000, 0x00000000c1300000|100%| O|  |TAMS 0x00000000c1200000, 0x00000000c1200000| Untracked 
|  19|0x00000000c1300000, 0x00000000c1400000, 0x00000000c1400000|100%| O|  |TAMS 0x00000000c1300000, 0x00000000c1300000| Untracked 
|  20|0x00000000c1400000, 0x00000000c1500000, 0x00000000c1500000|100%| O|  |TAMS 0x00000000c1400000, 0x00000000c1400000| Untracked 
|  21|0x00000000c1500000, 0x00000000c1600000, 0x00000000c1600000|100%| O|  |TAMS 0x00000000c1500000, 0x00000000c1500000| Untracked 
|  22|0x00000000c1600000, 0x00000000c1700000, 0x00000000c1700000|100%| O|  |TAMS 0x00000000c1600000, 0x00000000c1600000| Untracked 
|  23|0x00000000c1700000, 0x00000000c1800000, 0x00000000c1800000|100%| O|  |TAMS 0x00000000c1700000, 0x00000000c1700000| Untracked 
|  24|0x00000000c1800000, 0x00000000c1900000, 0x00000000c1900000|100%| O|  |TAMS 0x00000000c1800000, 0x00000000c1800000| Untracked 
|  25|0x00000000c1900000, 0x00000000c1900000, 0x00000000c1a00000|  0%| F|  |TAMS 0x00000000c1900000, 0x00000000c1900000| Untracked 
|  26|0x00000000c1a00000, 0x00000000c1a00000, 0x00000000c1b00000|  0%| F|  |TAMS 0x00000000c1a00000, 0x00000000c1a00000| Untracked 
|  27|0x00000000c1b00000, 0x00000000c1b00000, 0x00000000c1c00000|  0%| F|  |TAMS 0x00000000c1b00000, 0x00000000c1b00000| Untracked 
|  28|0x00000000c1c00000, 0x00000000c1c00000, 0x00000000c1d00000|  0%| F|  |TAMS 0x00000000c1c00000, 0x00000000c1c00000| Untracked 
|  29|0x00000000c1d00000, 0x00000000c1d00000, 0x00000000c1e00000|  0%| F|  |TAMS 0x00000000c1d00000, 0x00000000c1d00000| Untracked 
|  30|0x00000000c1e00000, 0x00000000c1e00000, 0x00000000c1f00000|  0%| F|  |TAMS 0x00000000c1e00000, 0x00000000c1e00000| Untracked 
|  31|0x00000000c1f00000, 0x00000000c1f00000, 0x00000000c2000000|  0%| F|  |TAMS 0x00000000c1f00000, 0x00000000c1f00000| Untracked 
|  32|0x00000000c2000000, 0x00000000c2000000, 0x00000000c2100000|  0%| F|  |TAMS 0x00000000c2000000, 0x00000000c2000000| Untracked 
|  33|0x00000000c2100000, 0x00000000c2100000, 0x00000000c2200000|  0%| F|  |TAMS 0x00000000c2100000, 0x00000000c2100000| Untracked 
|  34|0x00000000c2200000, 0x00000000c2200000, 0x00000000c2300000|  0%| F|  |TAMS 0x00000000c2200000, 0x00000000c2200000| Untracked 
|  35|0x00000000c2300000, 0x00000000c2300000, 0x00000000c2400000|  0%| F|  |TAMS 0x00000000c2300000, 0x00000000c2300000| Untracked 
|  36|0x00000000c2400000, 0x00000000c2400000, 0x00000000c2500000|  0%| F|  |TAMS 0x00000000c2400000, 0x00000000c2400000| Untracked 
|  37|0x00000000c2500000, 0x00000000c2500000, 0x00000000c2600000|  0%| F|  |TAMS 0x00000000c2500000, 0x00000000c2500000| Untracked 
|  38|0x00000000c2600000, 0x00000000c2600000, 0x00000000c2700000|  0%| F|  |TAMS 0x00000000c2600000, 0x00000000c2600000| Untracked 
|  39|0x00000000c2700000, 0x00000000c2700000, 0x00000000c2800000|  0%| F|  |TAMS 0x00000000c2700000, 0x00000000c2700000| Untracked 
|  40|0x00000000c2800000, 0x00000000c2800000, 0x00000000c2900000|  0%| F|  |TAMS 0x00000000c2800000, 0x00000000c2800000| Untracked 
|  41|0x00000000c2900000, 0x00000000c2900000, 0x00000000c2a00000|  0%| F|  |TAMS 0x00000000c2900000, 0x00000000c2900000| Untracked 
|  42|0x00000000c2a00000, 0x00000000c2a00000, 0x00000000c2b00000|  0%| F|  |TAMS 0x00000000c2a00000, 0x00000000c2a00000| Untracked 
|  43|0x00000000c2b00000, 0x00000000c2b00000, 0x00000000c2c00000|  0%| F|  |TAMS 0x00000000c2b00000, 0x00000000c2b00000| Untracked 
|  44|0x00000000c2c00000, 0x00000000c2c00000, 0x00000000c2d00000|  0%| F|  |TAMS 0x00000000c2c00000, 0x00000000c2c00000| Untracked 
|  45|0x00000000c2d00000, 0x00000000c2d00000, 0x00000000c2e00000|  0%| F|  |TAMS 0x00000000c2d00000, 0x00000000c2d00000| Untracked 
|  46|0x00000000c2e00000, 0x00000000c2e00000, 0x00000000c2f00000|  0%| F|  |TAMS 0x00000000c2e00000, 0x00000000c2e00000| Untracked 
|  47|0x00000000c2f00000, 0x00000000c2f00000, 0x00000000c3000000|  0%| F|  |TAMS 0x00000000c2f00000, 0x00000000c2f00000| Untracked 
|  48|0x00000000c3000000, 0x00000000c3000000, 0x00000000c3100000|  0%| F|  |TAMS 0x00000000c3000000, 0x00000000c3000000| Untracked 
|  49|0x00000000c3100000, 0x00000000c3100000, 0x00000000c3200000|  0%| F|  |TAMS 0x00000000c3100000, 0x00000000c3100000| Untracked 
|  50|0x00000000c3200000, 0x00000000c3200000, 0x00000000c3300000|  0%| F|  |TAMS 0x00000000c3200000, 0x00000000c3200000| Untracked 
|  51|0x00000000c3300000, 0x00000000c3300000, 0x00000000c3400000|  0%| F|  |TAMS 0x00000000c3300000, 0x00000000c3300000| Untracked 
|  52|0x00000000c3400000, 0x00000000c3400000, 0x00000000c3500000|  0%| F|  |TAMS 0x00000000c3400000, 0x00000000c3400000| Untracked 
|  53|0x00000000c3500000, 0x00000000c3500000, 0x00000000c3600000|  0%| F|  |TAMS 0x00000000c3500000, 0x00000000c3500000| Untracked 
|  54|0x00000000c3600000, 0x00000000c3600000, 0x00000000c3700000|  0%| F|  |TAMS 0x00000000c3600000, 0x00000000c3600000| Untracked 
|  55|0x00000000c3700000, 0x00000000c3700000, 0x00000000c3800000|  0%| F|  |TAMS 0x00000000c3700000, 0x00000000c3700000| Untracked 
|  56|0x00000000c3800000, 0x00000000c3800000, 0x00000000c3900000|  0%| F|  |TAMS 0x00000000c3800000, 0x00000000c3800000| Untracked 
|  57|0x00000000c3900000, 0x00000000c3900000, 0x00000000c3a00000|  0%| F|  |TAMS 0x00000000c3900000, 0x00000000c3900000| Untracked 
|  58|0x00000000c3a00000, 0x00000000c3a00000, 0x00000000c3b00000|  0%| F|  |TAMS 0x00000000c3a00000, 0x00000000c3a00000| Untracked 
|  59|0x00000000c3b00000, 0x00000000c3b00000, 0x00000000c3c00000|  0%| F|  |TAMS 0x00000000c3b00000, 0x00000000c3b00000| Untracked 
|  60|0x00000000c3c00000, 0x00000000c3c00000, 0x00000000c3d00000|  0%| F|  |TAMS 0x00000000c3c00000, 0x00000000c3c00000| Untracked 
|  61|0x00000000c3d00000, 0x00000000c3d00000, 0x00000000c3e00000|  0%| F|  |TAMS 0x00000000c3d00000, 0x00000000c3d00000| Untracked 
|  62|0x00000000c3e00000, 0x00000000c3e00000, 0x00000000c3f00000|  0%| F|  |TAMS 0x00000000c3e00000, 0x00000000c3e00000| Untracked 
|  63|0x00000000c3f00000, 0x00000000c3f00000, 0x00000000c4000000|  0%| F|  |TAMS 0x00000000c3f00000, 0x00000000c3f00000| Untracked 
|  64|0x00000000c4000000, 0x00000000c4000000, 0x00000000c4100000|  0%| F|  |TAMS 0x00000000c4000000, 0x00000000c4000000| Untracked 
|  65|0x00000000c4100000, 0x00000000c4100000, 0x00000000c4200000|  0%| F|  |TAMS 0x00000000c4100000, 0x00000000c4100000| Untracked 
|  66|0x00000000c4200000, 0x00000000c4200000, 0x00000000c4300000|  0%| F|  |TAMS 0x00000000c4200000, 0x00000000c4200000| Untracked 
|  67|0x00000000c4300000, 0x00000000c4300000, 0x00000000c4400000|  0%| F|  |TAMS 0x00000000c4300000, 0x00000000c4300000| Untracked 
|  68|0x00000000c4400000, 0x00000000c4400000, 0x00000000c4500000|  0%| F|  |TAMS 0x00000000c4400000, 0x00000000c4400000| Untracked 
|  69|0x00000000c4500000, 0x00000000c4500000, 0x00000000c4600000|  0%| F|  |TAMS 0x00000000c4500000, 0x00000000c4500000| Untracked 
|  70|0x00000000c4600000, 0x00000000c4600000, 0x00000000c4700000|  0%| F|  |TAMS 0x00000000c4600000, 0x00000000c4600000| Untracked 
|  71|0x00000000c4700000, 0x00000000c4700000, 0x00000000c4800000|  0%| F|  |TAMS 0x00000000c4700000, 0x00000000c4700000| Untracked 
|  72|0x00000000c4800000, 0x00000000c4800000, 0x00000000c4900000|  0%| F|  |TAMS 0x00000000c4800000, 0x00000000c4800000| Untracked 
|  73|0x00000000c4900000, 0x00000000c4900000, 0x00000000c4a00000|  0%| F|  |TAMS 0x00000000c4900000, 0x00000000c4900000| Untracked 
|  74|0x00000000c4a00000, 0x00000000c4a00000, 0x00000000c4b00000|  0%| F|  |TAMS 0x00000000c4a00000, 0x00000000c4a00000| Untracked 
|  75|0x00000000c4b00000, 0x00000000c4b00000, 0x00000000c4c00000|  0%| F|  |TAMS 0x00000000c4b00000, 0x00000000c4b00000| Untracked 
|  76|0x00000000c4c00000, 0x00000000c4c00000, 0x00000000c4d00000|  0%| F|  |TAMS 0x00000000c4c00000, 0x00000000c4c00000| Untracked 
|  77|0x00000000c4d00000, 0x00000000c4d00000, 0x00000000c4e00000|  0%| F|  |TAMS 0x00000000c4d00000, 0x00000000c4d00000| Untracked 
|  78|0x00000000c4e00000, 0x00000000c4e00000, 0x00000000c4f00000|  0%| F|  |TAMS 0x00000000c4e00000, 0x00000000c4e00000| Untracked 
|  79|0x00000000c4f00000, 0x00000000c4f00000, 0x00000000c5000000|  0%| F|  |TAMS 0x00000000c4f00000, 0x00000000c4f00000| Untracked 
|  80|0x00000000c5000000, 0x00000000c5089f70, 0x00000000c5100000| 53%| S|CS|TAMS 0x00000000c5000000, 0x00000000c5000000| Complete 
|  81|0x00000000c5100000, 0x00000000c5200000, 0x00000000c5200000|100%| S|CS|TAMS 0x00000000c5100000, 0x00000000c5100000| Complete 
|  82|0x00000000c5200000, 0x00000000c5300000, 0x00000000c5300000|100%| S|CS|TAMS 0x00000000c5200000, 0x00000000c5200000| Complete 
|  83|0x00000000c5300000, 0x00000000c5300000, 0x00000000c5400000|  0%| F|  |TAMS 0x00000000c5300000, 0x00000000c5300000| Untracked 
|  84|0x00000000c5400000, 0x00000000c5400000, 0x00000000c5500000|  0%| F|  |TAMS 0x00000000c5400000, 0x00000000c5400000| Untracked 
|  85|0x00000000c5500000, 0x00000000c5500000, 0x00000000c5600000|  0%| F|  |TAMS 0x00000000c5500000, 0x00000000c5500000| Untracked 
|  86|0x00000000c5600000, 0x00000000c5600000, 0x00000000c5700000|  0%| F|  |TAMS 0x00000000c5600000, 0x00000000c5600000| Untracked 
|  87|0x00000000c5700000, 0x00000000c5700000, 0x00000000c5800000|  0%| F|  |TAMS 0x00000000c5700000, 0x00000000c5700000| Untracked 
|  88|0x00000000c5800000, 0x00000000c5800000, 0x00000000c5900000|  0%| F|  |TAMS 0x00000000c5800000, 0x00000000c5800000| Untracked 
|  89|0x00000000c5900000, 0x00000000c5900000, 0x00000000c5a00000|  0%| F|  |TAMS 0x00000000c5900000, 0x00000000c5900000| Untracked 
|  90|0x00000000c5a00000, 0x00000000c5a00000, 0x00000000c5b00000|  0%| F|  |TAMS 0x00000000c5a00000, 0x00000000c5a00000| Untracked 
|  91|0x00000000c5b00000, 0x00000000c5b00000, 0x00000000c5c00000|  0%| F|  |TAMS 0x00000000c5b00000, 0x00000000c5b00000| Untracked 
|  92|0x00000000c5c00000, 0x00000000c5c00000, 0x00000000c5d00000|  0%| F|  |TAMS 0x00000000c5c00000, 0x00000000c5c00000| Untracked 
|  93|0x00000000c5d00000, 0x00000000c5d00000, 0x00000000c5e00000|  0%| F|  |TAMS 0x00000000c5d00000, 0x00000000c5d00000| Untracked 
|  94|0x00000000c5e00000, 0x00000000c5e00000, 0x00000000c5f00000|  0%| F|  |TAMS 0x00000000c5e00000, 0x00000000c5e00000| Untracked 
|  95|0x00000000c5f00000, 0x00000000c5f00000, 0x00000000c6000000|  0%| F|  |TAMS 0x00000000c5f00000, 0x00000000c5f00000| Untracked 
|  96|0x00000000c6000000, 0x00000000c6000000, 0x00000000c6100000|  0%| F|  |TAMS 0x00000000c6000000, 0x00000000c6000000| Untracked 
|  97|0x00000000c6100000, 0x00000000c619d9d8, 0x00000000c6200000| 61%| E|  |TAMS 0x00000000c6100000, 0x00000000c6100000| Complete 
|  98|0x00000000c6200000, 0x00000000c6300000, 0x00000000c6300000|100%| E|CS|TAMS 0x00000000c6200000, 0x00000000c6200000| Complete 
|  99|0x00000000c6300000, 0x00000000c6400000, 0x00000000c6400000|100%| E|CS|TAMS 0x00000000c6300000, 0x00000000c6300000| Complete 
| 100|0x00000000c6400000, 0x00000000c6500000, 0x00000000c6500000|100%| E|CS|TAMS 0x00000000c6400000, 0x00000000c6400000| Complete 
| 101|0x00000000c6500000, 0x00000000c6600000, 0x00000000c6600000|100%| E|CS|TAMS 0x00000000c6500000, 0x00000000c6500000| Complete 
| 102|0x00000000c6600000, 0x00000000c6700000, 0x00000000c6700000|100%| E|CS|TAMS 0x00000000c6600000, 0x00000000c6600000| Complete 
| 103|0x00000000c6700000, 0x00000000c6800000, 0x00000000c6800000|100%| E|CS|TAMS 0x00000000c6700000, 0x00000000c6700000| Complete 
| 104|0x00000000c6800000, 0x00000000c6900000, 0x00000000c6900000|100%| E|CS|TAMS 0x00000000c6800000, 0x00000000c6800000| Complete 
| 105|0x00000000c6900000, 0x00000000c6a00000, 0x00000000c6a00000|100%| E|CS|TAMS 0x00000000c6900000, 0x00000000c6900000| Complete 
| 106|0x00000000c6a00000, 0x00000000c6b00000, 0x00000000c6b00000|100%| E|CS|TAMS 0x00000000c6a00000, 0x00000000c6a00000| Complete 
| 107|0x00000000c6b00000, 0x00000000c6c00000, 0x00000000c6c00000|100%| E|CS|TAMS 0x00000000c6b00000, 0x00000000c6b00000| Complete 
| 108|0x00000000c6c00000, 0x00000000c6d00000, 0x00000000c6d00000|100%| E|CS|TAMS 0x00000000c6c00000, 0x00000000c6c00000| Complete 
| 109|0x00000000c6d00000, 0x00000000c6e00000, 0x00000000c6e00000|100%| E|CS|TAMS 0x00000000c6d00000, 0x00000000c6d00000| Complete 
| 110|0x00000000c6e00000, 0x00000000c6f00000, 0x00000000c6f00000|100%| E|CS|TAMS 0x00000000c6e00000, 0x00000000c6e00000| Complete 
| 111|0x00000000c6f00000, 0x00000000c7000000, 0x00000000c7000000|100%| E|CS|TAMS 0x00000000c6f00000, 0x00000000c6f00000| Complete 
| 112|0x00000000c7000000, 0x00000000c7100000, 0x00000000c7100000|100%| E|CS|TAMS 0x00000000c7000000, 0x00000000c7000000| Complete 
| 113|0x00000000c7100000, 0x00000000c7200000, 0x00000000c7200000|100%| E|CS|TAMS 0x00000000c7100000, 0x00000000c7100000| Complete 
| 114|0x00000000c7200000, 0x00000000c7300000, 0x00000000c7300000|100%| E|CS|TAMS 0x00000000c7200000, 0x00000000c7200000| Complete 
| 115|0x00000000c7300000, 0x00000000c7400000, 0x00000000c7400000|100%| E|CS|TAMS 0x00000000c7300000, 0x00000000c7300000| Complete 
| 116|0x00000000c7400000, 0x00000000c7500000, 0x00000000c7500000|100%| E|CS|TAMS 0x00000000c7400000, 0x00000000c7400000| Complete 
| 117|0x00000000c7500000, 0x00000000c7600000, 0x00000000c7600000|100%| E|CS|TAMS 0x00000000c7500000, 0x00000000c7500000| Complete 
| 118|0x00000000c7600000, 0x00000000c7700000, 0x00000000c7700000|100%| E|CS|TAMS 0x00000000c7600000, 0x00000000c7600000| Complete 
| 119|0x00000000c7700000, 0x00000000c7800000, 0x00000000c7800000|100%| E|CS|TAMS 0x00000000c7700000, 0x00000000c7700000| Complete 
| 120|0x00000000c7800000, 0x00000000c7900000, 0x00000000c7900000|100%| E|CS|TAMS 0x00000000c7800000, 0x00000000c7800000| Complete 
| 121|0x00000000c7900000, 0x00000000c7a00000, 0x00000000c7a00000|100%| E|CS|TAMS 0x00000000c7900000, 0x00000000c7900000| Complete 
| 122|0x00000000c7a00000, 0x00000000c7b00000, 0x00000000c7b00000|100%| E|CS|TAMS 0x00000000c7a00000, 0x00000000c7a00000| Complete 
| 123|0x00000000c7b00000, 0x00000000c7c00000, 0x00000000c7c00000|100%| E|CS|TAMS 0x00000000c7b00000, 0x00000000c7b00000| Complete 
| 124|0x00000000c7c00000, 0x00000000c7d00000, 0x00000000c7d00000|100%| E|CS|TAMS 0x00000000c7c00000, 0x00000000c7c00000| Complete 
| 125|0x00000000c7d00000, 0x00000000c7e00000, 0x00000000c7e00000|100%| E|CS|TAMS 0x00000000c7d00000, 0x00000000c7d00000| Complete 

Card table byte_map: [0x0000026168f70000,0x0000026169170000] _byte_map_base: 0x0000026168970000

Marking Bits (Prev, Next): (CMBitMap*) 0x00000261545a9880, (CMBitMap*) 0x00000261545a98c0
 Prev Bits: [0x0000026169370000, 0x000002616a370000)
 Next Bits: [0x000002616a370000, 0x000002616b370000)

Polling page: 0x0000026152480000

Metaspace:

Usage:
  Non-class:     17.45 MB used.
      Class:      2.01 MB used.
       Both:     19.47 MB used.

Virtual space:
  Non-class space:       64.00 MB reserved,      17.81 MB ( 28%) committed,  1 nodes.
      Class space:        1.00 GB reserved,       2.31 MB ( <1%) committed,  1 nodes.
             Both:        1.06 GB reserved,      20.12 MB (  2%) committed. 

Chunk freelists:
   Non-Class:  1.48 MB
       Class:  1.64 MB
        Both:  3.11 MB

MaxMetaspaceSize: unlimited
CompressedClassSpaceSize: 1.00 GB
Initial GC threshold: 21.00 MB
Current GC threshold: 21.00 MB
CDS: on
MetaspaceReclaimPolicy: balanced
 - commit_granule_bytes: 65536.
 - commit_granule_words: 8192.
 - virtual_space_node_default_size: 8388608.
 - enlarge_chunks_in_place: 1.
 - new_chunks_are_fully_committed: 0.
 - uncommit_free_chunks: 1.
 - use_allocation_guard: 0.


Internal statistics:

num_allocs_failed_limit: 0.
num_arena_births: 384.
num_arena_deaths: 0.
num_vsnodes_births: 2.
num_vsnodes_deaths: 0.
num_space_committed: 322.
num_space_uncommitted: 0.
num_chunks_returned_to_freelist: 0.
num_chunks_taken_from_freelist: 1107.
num_chunk_merges: 0.
num_chunk_splits: 726.
num_chunks_enlarged: 499.
num_inconsistent_stats: 0.

CodeHeap 'non-profiled nmethods': size=120000Kb used=1776Kb max_used=1776Kb free=118223Kb
 bounds [0x0000026161500000, 0x0000026161770000, 0x0000026168a30000]
CodeHeap 'profiled nmethods': size=120000Kb used=6849Kb max_used=6849Kb free=113150Kb
 bounds [0x0000026159a30000, 0x000002615a0f0000, 0x0000026160f60000]
CodeHeap 'non-nmethods': size=5760Kb used=1325Kb max_used=1412Kb free=4434Kb
 bounds [0x0000026160f60000, 0x00000261611d0000, 0x0000026161500000]
 total_blobs=3841 nmethods=3290 adapters=461
 compilation: enabled
              stopped_count=0, restarted_count=0
 full_count=0

Compilation events (20 events):
Event: 22.784 Thread 0x000002616ddb4020 3277       3       java.lang.ProcessEnvironment$CheckedEntrySet$1::hasNext (10 bytes)
Event: 22.785 Thread 0x000002616ddb4020 nmethod 3277 0x000002615a0d0f90 code [0x000002615a0d1140, 0x000002615a0d1308]
Event: 22.785 Thread 0x000002616ddb4020 3280       3       java.lang.ProcessEnvironment$NameComparator::compare (90 bytes)
Event: 22.789 Thread 0x000002616ddb4020 nmethod 3280 0x000002615a0d1410 code [0x000002615a0d1720, 0x000002615a0d2998]
Event: 22.789 Thread 0x000002616ddb4020 3283       3       java.io.File::<init> (47 bytes)
Event: 22.790 Thread 0x000002616ddb4020 nmethod 3283 0x000002615a0d3190 code [0x000002615a0d3360, 0x000002615a0d36e8]
Event: 22.790 Thread 0x000002616ddb4020 3282       3       java.lang.ProcessEnvironment$CheckedEntry::getKey (13 bytes)
Event: 22.790 Thread 0x000002616ddb4020 nmethod 3282 0x000002615a0d3810 code [0x000002615a0d39c0, 0x000002615a0d3c88]
Event: 22.790 Thread 0x000002616ddb4020 3281       3       java.lang.ProcessEnvironment$CheckedEntry::getKey (5 bytes)
Event: 22.790 Thread 0x000002616ddb4020 nmethod 3281 0x000002615a0d3d90 code [0x000002615a0d3f40, 0x000002615a0d4268]
Event: 22.791 Thread 0x000002616ddb4020 3278       3       java.lang.ProcessEnvironment$CheckedEntrySet$1::next (5 bytes)
Event: 22.791 Thread 0x000002616ddb4020 nmethod 3278 0x000002615a0d4390 code [0x000002615a0d4560, 0x000002615a0d4a28]
Event: 22.791 Thread 0x000002616ddb4020 3279       3       java.lang.ProcessEnvironment$CheckedEntrySet$1::next (20 bytes)
Event: 22.792 Thread 0x000002616ddb4020 nmethod 3279 0x000002615a0d4b90 code [0x000002615a0d4d60, 0x000002615a0d51c8]
Event: 22.998 Thread 0x0000026172e6ac60 nmethod 3261 0x00000261616b0910 code [0x00000261616b0c60, 0x00000261616b4738]
Event: 22.999 Thread 0x0000026172e6ac60 3269   !   4       org.eclipse.core.internal.resources.Resource::lambda$0 (159 bytes)
Event: 23.048 Thread 0x000002616ddb4020 3284       1       org.eclipse.core.internal.jobs.InternalJob::setStartTime (6 bytes)
Event: 23.049 Thread 0x000002616ddb4020 nmethod 3284 0x00000261616b6610 code [0x00000261616b67a0, 0x00000261616b6878]
Event: 23.112 Thread 0x0000026172e6ac60 nmethod 3269 0x00000261616b6910 code [0x00000261616b6b80, 0x00000261616b8600]
Event: 23.113 Thread 0x0000026172e6ac60 3270       4       org.eclipse.debug.internal.core.LaunchManager$ResourceProxyVisitor::visit (68 bytes)

GC Heap History (8 events):
Event: 1.962 GC heap before
{Heap before GC invocations=0 (full 0):
 garbage-first heap   total 129024K, used 23552K [0x00000000c0000000, 0x0000000100000000)
  region size 1024K, 23 young (23552K), 0 survivors (0K)
 Metaspace       used 6886K, committed 7104K, reserved 1114112K
  class space    used 675K, committed 768K, reserved 1048576K
}
Event: 1.977 GC heap after
{Heap after GC invocations=1 (full 0):
 garbage-first heap   total 129024K, used 3873K [0x00000000c0000000, 0x0000000100000000)
  region size 1024K, 3 young (3072K), 3 survivors (3072K)
 Metaspace       used 6886K, committed 7104K, reserved 1114112K
  class space    used 675K, committed 768K, reserved 1048576K
}
Event: 8.734 GC heap before
{Heap before GC invocations=1 (full 0):
 garbage-first heap   total 129024K, used 32545K [0x00000000c0000000, 0x0000000100000000)
  region size 1024K, 32 young (32768K), 3 survivors (3072K)
 Metaspace       used 14341K, committed 14912K, reserved 1114112K
  class space    used 1438K, committed 1664K, reserved 1048576K
}
Event: 8.753 GC heap after
{Heap after GC invocations=2 (full 0):
 garbage-first heap   total 129024K, used 11832K [0x00000000c0000000, 0x0000000100000000)
  region size 1024K, 4 young (4096K), 4 survivors (4096K)
 Metaspace       used 14341K, committed 14912K, reserved 1114112K
  class space    used 1438K, committed 1664K, reserved 1048576K
}
Event: 14.454 GC heap before
{Heap before GC invocations=2 (full 0):
 garbage-first heap   total 129024K, used 82488K [0x00000000c0000000, 0x0000000100000000)
  region size 1024K, 65 young (66560K), 4 survivors (4096K)
 Metaspace       used 18494K, committed 19136K, reserved 1114112K
  class space    used 1884K, committed 2176K, reserved 1048576K
}
Event: 14.480 GC heap after
{Heap after GC invocations=3 (full 0):
 garbage-first heap   total 129024K, used 24704K [0x00000000c0000000, 0x0000000100000000)
  region size 1024K, 9 young (9216K), 9 survivors (9216K)
 Metaspace       used 18494K, committed 19136K, reserved 1114112K
  class space    used 1884K, committed 2176K, reserved 1048576K
}
Event: 22.652 GC heap before
{Heap before GC invocations=3 (full 0):
 garbage-first heap   total 129024K, used 68736K [0x00000000c0000000, 0x0000000100000000)
  region size 1024K, 52 young (53248K), 9 survivors (9216K)
 Metaspace       used 19873K, committed 20544K, reserved 1114112K
  class space    used 2058K, committed 2368K, reserved 1048576K
}
Event: 22.666 GC heap after
{Heap after GC invocations=4 (full 0):
 garbage-first heap   total 129024K, used 26655K [0x00000000c0000000, 0x0000000100000000)
  region size 1024K, 3 young (3072K), 3 survivors (3072K)
 Metaspace       used 19873K, committed 20544K, reserved 1114112K
  class space    used 2058K, committed 2368K, reserved 1048576K
}

Dll operation events (9 events):
Event: 0.018 Loaded shared library C:\Users\lenovo\.pydev_vscode\java19\jdk-19.0.2+7-jre\bin\java.dll
Event: 0.036 Loaded shared library C:\Users\lenovo\.pydev_vscode\java19\jdk-19.0.2+7-jre\bin\jsvml.dll
Event: 0.249 Loaded shared library C:\Users\lenovo\.pydev_vscode\java19\jdk-19.0.2+7-jre\bin\net.dll
Event: 0.256 Loaded shared library C:\Users\lenovo\.pydev_vscode\java19\jdk-19.0.2+7-jre\bin\nio.dll
Event: 0.270 Loaded shared library C:\Users\lenovo\.pydev_vscode\java19\jdk-19.0.2+7-jre\bin\zip.dll
Event: 0.576 Loaded shared library C:\Users\lenovo\.pydev_vscode\java19\jdk-19.0.2+7-jre\bin\jimage.dll
Event: 1.999 Loaded shared library C:\Users\lenovo\.vscode\extensions\fabioz.vscode-pydev-0.16.0\server\plugins\org.eclipse.equinox.launcher.win32.win32.x86_64_1.2.900.v20240213-1244\eclipse_11900.dll
Event: 7.742 Loaded shared library C:\Users\lenovo\.vscode\extensions\fabioz.vscode-pydev-0.16.0\server\config_win\org.eclipse.osgi\13\0\.cp\os\win32\x86_64\localfile_1_0_0.dll
Event: 7.962 Loaded shared library C:\Users\lenovo\.vscode\extensions\fabioz.vscode-pydev-0.16.0\server\config_win\org.eclipse.osgi\16\0\.cp\os\win32\x86_64\win32refresh.dll

Deoptimization events (20 events):
Event: 22.357 Thread 0x00000261734eeea0 Uncommon trap: trap_request=0xffffffde fr.pc=0x000002616169ebc8 relative=0x0000000000000128
Event: 22.357 Thread 0x00000261734eeea0 Uncommon trap: reason=class_check action=maybe_recompile pc=0x000002616169ebc8 method=jdk.internal.misc.Unsafe.allocateUninitializedArray(Ljava/lang/Class;I)Ljava/lang/Object; @ 51 c2
Event: 22.357 Thread 0x00000261734eeea0 DEOPT PACKING pc=0x000002616169ebc8 sp=0x000000b89cbfcb20
Event: 22.357 Thread 0x00000261734eeea0 DEOPT UNPACKING pc=0x0000026160fc6da3 sp=0x000000b89cbfcaa8 mode 2
Event: 22.357 Thread 0x00000261734eeea0 Uncommon trap: trap_request=0xffffffde fr.pc=0x000002616169ebc8 relative=0x0000000000000128
Event: 22.358 Thread 0x00000261734eeea0 Uncommon trap: reason=class_check action=maybe_recompile pc=0x000002616169ebc8 method=jdk.internal.misc.Unsafe.allocateUninitializedArray(Ljava/lang/Class;I)Ljava/lang/Object; @ 51 c2
Event: 22.358 Thread 0x00000261734eeea0 DEOPT PACKING pc=0x000002616169ebc8 sp=0x000000b89cbfcb20
Event: 22.358 Thread 0x00000261734eeea0 DEOPT UNPACKING pc=0x0000026160fc6da3 sp=0x000000b89cbfcaa8 mode 2
Event: 22.360 Thread 0x00000261734eeea0 Uncommon trap: trap_request=0xffffffde fr.pc=0x000002616169ebc8 relative=0x0000000000000128
Event: 22.360 Thread 0x00000261734eeea0 Uncommon trap: reason=class_check action=maybe_recompile pc=0x000002616169ebc8 method=jdk.internal.misc.Unsafe.allocateUninitializedArray(Ljava/lang/Class;I)Ljava/lang/Object; @ 51 c2
Event: 22.360 Thread 0x00000261734eeea0 DEOPT PACKING pc=0x000002616169ebc8 sp=0x000000b89cbfc950
Event: 22.361 Thread 0x00000261734eeea0 DEOPT UNPACKING pc=0x0000026160fc6da3 sp=0x000000b89cbfc8d8 mode 2
Event: 22.516 Thread 0x00000261734edeb0 Uncommon trap: trap_request=0xffffff45 fr.pc=0x00000261615b4f20 relative=0x0000000000001100
Event: 22.516 Thread 0x00000261734edeb0 Uncommon trap: reason=unstable_if action=reinterpret pc=0x00000261615b4f20 method=java.util.Properties.loadConvert([CIILjava/lang/StringBuilder;)Ljava/lang/String; @ 463 c2
Event: 22.516 Thread 0x00000261734edeb0 DEOPT PACKING pc=0x00000261615b4f20 sp=0x000000b89cffbe30
Event: 22.517 Thread 0x00000261734edeb0 DEOPT UNPACKING pc=0x0000026160fc6da3 sp=0x000000b89cffbe10 mode 2
Event: 22.604 Thread 0x00000261734edeb0 Uncommon trap: trap_request=0xffffffc6 fr.pc=0x000002616168d074 relative=0x00000000000000d4
Event: 22.604 Thread 0x00000261734edeb0 Uncommon trap: reason=bimorphic_or_optimized_type_check action=maybe_recompile pc=0x000002616168d074 method=org.eclipse.core.internal.resources.Resource.checkExists(IZ)V @ 3 c2
Event: 22.604 Thread 0x00000261734edeb0 DEOPT PACKING pc=0x000002616168d074 sp=0x000000b89cffe480
Event: 22.604 Thread 0x00000261734edeb0 DEOPT UNPACKING pc=0x0000026160fc6da3 sp=0x000000b89cffe398 mode 2

Classes loaded (20 events):
Event: 22.209 Loading class java/util/concurrent/CompletableFuture$Completion
Event: 22.210 Loading class java/util/concurrent/CompletableFuture$AsynchronousCompletionTask
Event: 22.210 Loading class java/util/concurrent/CompletableFuture$AsynchronousCompletionTask done
Event: 22.212 Loading class java/util/concurrent/CompletableFuture$Completion done
Event: 22.212 Loading class java/util/concurrent/CompletableFuture$UniApply
Event: 22.213 Loading class java/util/concurrent/CompletableFuture$UniCompletion
Event: 22.214 Loading class java/util/concurrent/CompletableFuture$UniCompletion done
Event: 22.214 Loading class java/util/concurrent/CompletableFuture$UniApply done
Event: 22.245 Loading class jdk/internal/event/ThreadSleepEvent
Event: 22.246 Loading class jdk/internal/event/ThreadSleepEvent done
Event: 22.462 Loading class javax/xml/transform/TransformerException
Event: 22.465 Loading class javax/xml/transform/TransformerException done
Event: 22.470 Loading class javax/xml/parsers/FactoryConfigurationError
Event: 22.472 Loading class javax/xml/parsers/FactoryConfigurationError done
Event: 22.780 Loading class java/lang/ProcessBuilder
Event: 22.781 Loading class java/lang/ProcessBuilder done
Event: 22.782 Loading class java/lang/ProcessImpl
Event: 22.783 Loading class java/lang/Process
Event: 22.784 Loading class java/lang/Process done
Event: 22.784 Loading class java/lang/ProcessImpl done

Classes unloaded (0 events):
No events

Classes redefined (0 events):
No events

Internal exceptions (20 events):
Event: 7.892 Thread 0x0000026172384a60 Exception <a 'java/lang/NoSuchMethodError'{0x00000000c634a270}: 'int java.lang.invoke.DirectMethodHandle$Holder.invokeStaticInit(java.lang.Object, java.lang.Object, java.lang.Object)'> (0x00000000c634a270) 
thrown [s\src\hotspot\share\interpreter\linkResolver.cpp, line 774]
Event: 7.972 Thread 0x0000026172384a60 Exception <a 'java/lang/IncompatibleClassChangeError'{0x00000000c6225c40}: Found class java.lang.Object, but interface was expected> (0x00000000c6225c40) 
thrown [s\src\hotspot\share\interpreter\linkResolver.cpp, line 841]
Event: 7.984 Thread 0x0000026172384a60 Exception <a 'java/lang/NoSuchMethodError'{0x00000000c6234fa8}: 'java.lang.Object java.lang.invoke.DirectMethodHandle$Holder.invokeSpecial(java.lang.Object, java.lang.Object, java.lang.Object, int, java.lang.Object, java.lang.Object)'> (0x00000000c6234fa8) 
thrown [s\src\hotspot\share\interpreter\linkResolver.cpp, line 774]
Event: 7.985 Thread 0x0000026172384a60 Exception <a 'java/lang/NoSuchMethodError'{0x00000000c623d5f0}: 'java.lang.Object java.lang.invoke.DirectMethodHandle$Holder.newInvokeSpecial(java.lang.Object, java.lang.Object, java.lang.Object, int, java.lang.Object)'> (0x00000000c623d5f0) 
thrown [s\src\hotspot\share\interpreter\linkResolver.cpp, line 774]
Event: 7.986 Thread 0x0000026172384a60 Exception <a 'java/lang/NoSuchMethodError'{0x00000000c62415e8}: 'java.lang.Object java.lang.invoke.Invokers$Holder.linkToTargetMethod(java.lang.Object, java.lang.Object, int, java.lang.Object, java.lang.Object)'> (0x00000000c62415e8) 
thrown [s\src\hotspot\share\interpreter\linkResolver.cpp, line 774]
Event: 7.987 Thread 0x00000261734ecec0 Exception <a 'java/lang/NoSuchMethodError'{0x00000000c634bca8}: 'java.lang.Object java.lang.invoke.DirectMethodHandle$Holder.invokeSpecial(java.lang.Object, java.lang.Object, int, java.lang.Object, java.lang.Object)'> (0x00000000c634bca8) 
thrown [s\src\hotspot\share\interpreter\linkResolver.cpp, line 774]
Event: 7.989 Thread 0x00000261734ecec0 Exception <a 'java/lang/NoSuchMethodError'{0x00000000c6353350}: 'java.lang.Object java.lang.invoke.DirectMethodHandle$Holder.newInvokeSpecial(java.lang.Object, java.lang.Object, int, java.lang.Object)'> (0x00000000c6353350) 
thrown [s\src\hotspot\share\interpreter\linkResolver.cpp, line 774]
Event: 8.009 Thread 0x0000026172384a60 Exception <a 'java/lang/NoSuchMethodError'{0x00000000c62a6a68}: 'void java.lang.invoke.Invokers$Holder.invokeExact_MT(java.lang.Object, java.lang.Object, java.lang.Object, java.lang.Object)'> (0x00000000c62a6a68) 
thrown [s\src\hotspot\share\interpreter\linkResolver.cpp, line 774]
Event: 8.023 Thread 0x0000026172384a60 Exception <a 'java/lang/NoSuchMethodError'{0x00000000c62bf820}: 'void java.lang.invoke.DirectMethodHandle$Holder.invokeSpecial(java.lang.Object, java.lang.Object, java.lang.Object, java.lang.Object, java.lang.Object)'> (0x00000000c62bf820) 
thrown [s\src\hotspot\share\interpreter\linkResolver.cpp, line 774]
Event: 8.041 Thread 0x00000261734ecec0 Exception <a 'java/lang/NoSuchMethodError'{0x00000000c636f768}: 'java.lang.Object java.lang.invoke.DirectMethodHandle$Holder.newInvokeSpecial(java.lang.Object, java.lang.Object, java.lang.Object, java.lang.Object, java.lang.Object)'> (0x00000000c636f768) 
thrown [s\src\hotspot\share\interpreter\linkResolver.cpp, line 774]
Event: 9.171 Thread 0x0000026172384a60 Implicit null exception at 0x00000261615c7f33 to 0x00000261615c8090
Event: 10.675 Thread 0x0000026154564c50 Exception <a 'java/lang/NoSuchMethodError'{0x00000000c5344678}: 'void java.lang.invoke.DirectMethodHandle$Holder.invokeStatic(java.lang.Object, java.lang.Object, java.lang.Object, java.lang.Object)'> (0x00000000c5344678) 
thrown [s\src\hotspot\share\interpreter\linkResolver.cpp, line 774]
Event: 11.260 Thread 0x0000026154564c50 Exception <a 'java/lang/NoSuchMethodError'{0x00000000c4f9c868}: 'void java.lang.invoke.DirectMethodHandle$Holder.invokeSpecial(java.lang.Object, java.lang.Object, java.lang.Object, java.lang.Object, java.lang.Object, java.lang.Object)'> (0x00000000c4f9c868) 
thrown [s\src\hotspot\share\interpreter\linkResolver.cpp, line 774]
Event: 11.306 Thread 0x0000026154564c50 Exception <a 'java/lang/IncompatibleClassChangeError'{0x00000000c4e266f0}: Found class java.lang.Object, but interface was expected> (0x00000000c4e266f0) 
thrown [s\src\hotspot\share\interpreter\linkResolver.cpp, line 841]
Event: 11.307 Thread 0x0000026154564c50 Exception <a 'java/lang/IncompatibleClassChangeError'{0x00000000c4e284a0}: Found class java.lang.Object, but interface was expected> (0x00000000c4e284a0) 
thrown [s\src\hotspot\share\interpreter\linkResolver.cpp, line 841]
Event: 21.832 Thread 0x00000261734eeea0 Exception <a 'java/lang/NoSuchMethodError'{0x00000000c5b30a70}: 'void java.lang.invoke.DirectMethodHandle$Holder.invokeSpecial(java.lang.Object, java.lang.Object, java.lang.Object, int)'> (0x00000000c5b30a70) 
thrown [s\src\hotspot\share\interpreter\linkResolver.cpp, line 774]
Event: 21.834 Thread 0x00000261734eeea0 Exception <a 'java/lang/NoSuchMethodError'{0x00000000c5b34700}: 'void java.lang.invoke.DelegatingMethodHandle$Holder.reinvoke_L(java.lang.Object, java.lang.Object, int)'> (0x00000000c5b34700) 
thrown [s\src\hotspot\share\interpreter\linkResolver.cpp, line 774]
Event: 21.836 Thread 0x00000261734eeea0 Exception <a 'java/lang/NoSuchMethodError'{0x00000000c5b3b728}: 'int java.lang.invoke.Invokers$Holder.invokeExact_MT(java.lang.Object, java.lang.Object, java.lang.Object)'> (0x00000000c5b3b728) 
thrown [s\src\hotspot\share\interpreter\linkResolver.cpp, line 774]
Event: 22.128 Thread 0x00000261734eeea0 Exception <a 'java/lang/NoSuchMethodError'{0x00000000c591e698}: 'void java.lang.invoke.Invokers$Holder.invokeExact_MT(java.lang.Object, java.lang.Object, int, java.lang.Object)'> (0x00000000c591e698) 
thrown [s\src\hotspot\share\interpreter\linkResolver.cpp, line 774]
Event: 22.150 Thread 0x00000261734eeea0 Exception <a 'java/lang/NoSuchMethodError'{0x00000000c5937cd0}: 'java.lang.Object java.lang.invoke.DirectMethodHandle$Holder.invokeInterface(java.lang.Object, java.lang.Object, java.lang.Object)'> (0x00000000c5937cd0) 
thrown [s\src\hotspot\share\interpreter\linkResolver.cpp, line 774]

VM Operations (20 events):
Event: 11.986 Executing VM operation: HandshakeAllThreads
Event: 11.986 Executing VM operation: HandshakeAllThreads done
Event: 12.989 Executing VM operation: Cleanup
Event: 12.989 Executing VM operation: Cleanup done
Event: 13.239 Executing VM operation: HandshakeAllThreads
Event: 13.239 Executing VM operation: HandshakeAllThreads done
Event: 14.242 Executing VM operation: Cleanup
Event: 14.257 Executing VM operation: Cleanup done
Event: 14.454 Executing VM operation: G1CollectForAllocation
Event: 14.480 Executing VM operation: G1CollectForAllocation done
Event: 15.493 Executing VM operation: Cleanup
Event: 15.493 Executing VM operation: Cleanup done
Event: 16.501 Executing VM operation: Cleanup
Event: 16.501 Executing VM operation: Cleanup done
Event: 22.538 Executing VM operation: Cleanup
Event: 22.539 Executing VM operation: Cleanup done
Event: 22.652 Executing VM operation: G1CollectForAllocation
Event: 22.667 Executing VM operation: G1CollectForAllocation done
Event: 23.672 Executing VM operation: Cleanup
Event: 23.672 Executing VM operation: Cleanup done

Events (20 events):
Event: 7.987 Thread 0x00000261734ee400 Thread added: 0x00000261734ee400
Event: 8.517 Thread 0x00000261734ee950 Thread added: 0x00000261734ee950
Event: 8.884 Thread 0x0000026172e6b780 Thread added: 0x0000026172e6b780
Event: 8.884 Thread 0x0000026172e6ac60 Thread added: 0x0000026172e6ac60
Event: 9.133 Thread 0x0000026172e6ac60 Thread exited: 0x0000026172e6ac60
Event: 9.133 Thread 0x0000026172e6b780 Thread exited: 0x0000026172e6b780
Event: 9.730 Thread 0x00000261734ec420 Thread added: 0x00000261734ec420
Event: 10.074 Thread 0x0000026172e6ac60 Thread added: 0x0000026172e6ac60
Event: 10.150 Thread 0x00000261734ed960 Thread added: 0x00000261734ed960
Event: 10.605 Thread 0x00000261734ed410 Thread added: 0x00000261734ed410
Event: 11.284 Thread 0x0000026172e6ac60 Thread exited: 0x0000026172e6ac60
Event: 11.392 Thread 0x00000261734eeea0 Thread added: 0x00000261734eeea0
Event: 13.038 Thread 0x0000026172eac300 Thread exited: 0x0000026172eac300
Event: 14.594 Thread 0x0000026172e6a140 Thread added: 0x0000026172e6a140
Event: 14.996 Thread 0x00000261734ec970 Thread added: 0x00000261734ec970
Event: 15.524 Thread 0x0000026172e6a140 Thread exited: 0x0000026172e6a140
Event: 22.119 Thread 0x0000026172e6ac60 Thread added: 0x0000026172e6ac60
Event: 22.216 Thread 0x00000261734edeb0 Thread added: 0x00000261734edeb0
Event: 22.243 Thread 0x00000261734eb980 Thread added: 0x00000261734eb980
Event: 22.734 Thread 0x0000026172e6a140 Thread added: 0x0000026172e6a140


Dynamic libraries:
0x00007ff62ea90000 - 0x00007ff62ea9e000 	C:\Users\lenovo\.pydev_vscode\java19\jdk-19.0.2+7-jre\bin\java.exe
0x00007ffe4d3a0000 - 0x00007ffe4d608000 	C:\WINDOWS\SYSTEM32\ntdll.dll
0x00007ffe4c020000 - 0x00007ffe4c0e9000 	C:\WINDOWS\System32\KERNEL32.DLL
0x00007ffe4a910000 - 0x00007ffe4ad01000 	C:\WINDOWS\System32\KERNELBASE.dll
0x00007ffe4aff0000 - 0x00007ffe4b13b000 	C:\WINDOWS\System32\ucrtbase.dll
0x00007ffe3f4c0000 - 0x00007ffe3f4d9000 	C:\Users\lenovo\.pydev_vscode\java19\jdk-19.0.2+7-jre\bin\VCRUNTIME140.dll
0x00007ffe30cb0000 - 0x00007ffe30cc7000 	C:\Users\lenovo\.pydev_vscode\java19\jdk-19.0.2+7-jre\bin\jli.dll
0x00007ffe4bdd0000 - 0x00007ffe4bf96000 	C:\WINDOWS\System32\USER32.dll
0x00007ffe4af30000 - 0x00007ffe4af57000 	C:\WINDOWS\System32\win32u.dll
0x00007ffe2f040000 - 0x00007ffe2f2d3000 	C:\WINDOWS\WinSxS\amd64_microsoft.windows.common-controls_6595b64144ccf1df_6.0.26100.7653_none_3e0b88a0e3318624\COMCTL32.dll
0x00007ffe4b150000 - 0x00007ffe4b17b000 	C:\WINDOWS\System32\GDI32.dll
0x00007ffe4ba40000 - 0x00007ffe4bae9000 	C:\WINDOWS\System32\msvcrt.dll
0x00007ffe49f70000 - 0x00007ffe4a09b000 	C:\WINDOWS\System32\gdi32full.dll
0x00007ffe4ad10000 - 0x00007ffe4adb3000 	C:\WINDOWS\System32\msvcp_win.dll
0x00007ffe4cba0000 - 0x00007ffe4cbd1000 	C:\WINDOWS\System32\IMM32.DLL
0x00007ffe41420000 - 0x00007ffe4142c000 	C:\Users\lenovo\.pydev_vscode\java19\jdk-19.0.2+7-jre\bin\vcruntime140_1.dll
0x00007ffdfe240000 - 0x00007ffdfe2d1000 	C:\Users\lenovo\.pydev_vscode\java19\jdk-19.0.2+7-jre\bin\msvcp140.dll
0x00007ffd734e0000 - 0x00007ffd741d1000 	C:\Users\lenovo\.pydev_vscode\java19\jdk-19.0.2+7-jre\bin\server\jvm.dll
0x00007ffe4cc00000 - 0x00007ffe4ccb4000 	C:\WINDOWS\System32\ADVAPI32.dll
0x00007ffe4bb20000 - 0x00007ffe4bbc6000 	C:\WINDOWS\System32\sechost.dll
0x00007ffe4ca80000 - 0x00007ffe4cb98000 	C:\WINDOWS\System32\RPCRT4.dll
0x00007ffe27a30000 - 0x00007ffe27a3a000 	C:\WINDOWS\SYSTEM32\WSOCK32.dll
0x00007ffe3e470000 - 0x00007ffe3e47b000 	C:\WINDOWS\SYSTEM32\VERSION.dll
0x00007ffe33f90000 - 0x00007ffe33fc5000 	C:\WINDOWS\SYSTEM32\WINMM.dll
0x00007ffe4bfa0000 - 0x00007ffe4c014000 	C:\WINDOWS\System32\WS2_32.dll
0x00007ffe489f0000 - 0x00007ffe48a0b000 	C:\WINDOWS\SYSTEM32\kernel.appcore.dll
0x00007ffe41400000 - 0x00007ffe4140a000 	C:\Users\lenovo\.pydev_vscode\java19\jdk-19.0.2+7-jre\bin\jimage.dll
0x00007ffe47db0000 - 0x00007ffe47ff2000 	C:\WINDOWS\SYSTEM32\DBGHELP.DLL
0x00007ffe4ccc0000 - 0x00007ffe4d046000 	C:\WINDOWS\System32\combase.dll
0x00007ffe4c1e0000 - 0x00007ffe4c2b7000 	C:\WINDOWS\System32\OLEAUT32.dll
0x00007ffe33e20000 - 0x00007ffe33e5b000 	C:\WINDOWS\SYSTEM32\dbgcore.DLL
0x00007ffe4ae80000 - 0x00007ffe4af25000 	C:\WINDOWS\System32\bcryptPrimitives.dll
0x00007ffe413d0000 - 0x00007ffe413f6000 	C:\Users\lenovo\.pydev_vscode\java19\jdk-19.0.2+7-jre\bin\java.dll
0x00007ffdfe160000 - 0x00007ffdfe236000 	C:\Users\lenovo\.pydev_vscode\java19\jdk-19.0.2+7-jre\bin\jsvml.dll
0x00007ffe4b1e0000 - 0x00007ffe4b931000 	C:\WINDOWS\System32\SHELL32.dll
0x00007ffe49c80000 - 0x00007ffe49dea000 	C:\WINDOWS\System32\wintypes.dll
0x00007ffe4a0a0000 - 0x00007ffe4a904000 	C:\WINDOWS\System32\windows.storage.dll
0x00007ffe4b940000 - 0x00007ffe4ba36000 	C:\WINDOWS\System32\SHCORE.dll
0x00007ffe4c170000 - 0x00007ffe4c1d7000 	C:\WINDOWS\System32\shlwapi.dll
0x00007ffe49ba0000 - 0x00007ffe49bc8000 	C:\WINDOWS\SYSTEM32\profapi.dll
0x00007ffe41390000 - 0x00007ffe413a3000 	C:\Users\lenovo\.pydev_vscode\java19\jdk-19.0.2+7-jre\bin\net.dll
0x00007ffe3fbe0000 - 0x00007ffe3fd07000 	C:\WINDOWS\SYSTEM32\WINHTTP.dll
0x00007ffe48f40000 - 0x00007ffe48fab000 	C:\WINDOWS\system32\mswsock.dll
0x00007ffe29980000 - 0x00007ffe29996000 	C:\Users\lenovo\.pydev_vscode\java19\jdk-19.0.2+7-jre\bin\nio.dll
0x00007ffe29830000 - 0x00007ffe29848000 	C:\Users\lenovo\.pydev_vscode\java19\jdk-19.0.2+7-jre\bin\zip.dll
0x00007ffe20d50000 - 0x00007ffe20d8e000 	C:\Users\lenovo\.vscode\extensions\fabioz.vscode-pydev-0.16.0\server\plugins\org.eclipse.equinox.launcher.win32.win32.x86_64_1.2.900.v20240213-1244\eclipse_11900.dll
0x00007ffe4d050000 - 0x00007ffe4d1e7000 	C:\WINDOWS\System32\ole32.dll
0x0000000180000000 - 0x0000000180012000 	C:\Users\lenovo\.vscode\extensions\fabioz.vscode-pydev-0.16.0\server\config_win\org.eclipse.osgi\13\0\.cp\os\win32\x86_64\localfile_1_0_0.dll
0x00007ffe254c0000 - 0x00007ffe254db000 	C:\Users\lenovo\.vscode\extensions\fabioz.vscode-pydev-0.16.0\server\config_win\org.eclipse.osgi\16\0\.cp\os\win32\x86_64\win32refresh.dll
0x00007ffe49190000 - 0x00007ffe4919c000 	C:\WINDOWS\SYSTEM32\CRYPTBASE.DLL

dbghelp: loaded successfully - version: 4.0.5 - missing functions: none
symbol engine: initialized successfully - sym options: 0x614 - pdb path: .;C:\Users\lenovo\.pydev_vscode\java19\jdk-19.0.2+7-jre\bin;C:\WINDOWS\SYSTEM32;C:\WINDOWS\WinSxS\amd64_microsoft.windows.common-controls_6595b64144ccf1df_6.0.26100.7653_none_3e0b88a0e3318624;C:\Users\lenovo\.pydev_vscode\java19\jdk-19.0.2+7-jre\bin\server;C:\Users\lenovo\.vscode\extensions\fabioz.vscode-pydev-0.16.0\server\plugins\org.eclipse.equinox.launcher.win32.win32.x86_64_1.2.900.v20240213-1244;C:\Users\lenovo\.vscode\extensions\fabioz.vscode-pydev-0.16.0\server\config_win\org.eclipse.osgi\13\0\.cp\os\win32\x86_64;C:\Users\lenovo\.vscode\extensions\fabioz.vscode-pydev-0.16.0\server\config_win\org.eclipse.osgi\16\0\.cp\os\win32\x86_64

VM Arguments:
jvm_args: --add-modules=ALL-SYSTEM --add-opens=java.base/java.util=ALL-UNNAMED --add-opens=java.base/java.lang=ALL-UNNAMED -Declipse.application=org.python.pydev.pydev_lsp.application -Dosgi.bundles.defaultStartLevel=4 -Declipse.product=org.python.pydev.pydev_lsp.product -Xmx1G -XX:+UseG1GC -XX:+UseStringDeduplication 
java_command: c:\Users\lenovo\.vscode\extensions\fabioz.vscode-pydev-0.16.0\server\plugins\org.eclipse.equinox.launcher_1.6.700.v20240213-1244.jar -configuration c:\Users\lenovo\.vscode\extensions\fabioz.vscode-pydev-0.16.0\server\config_win -data c:\Users\lenovo\AppData\Roaming\Code\User\workspaceStorage\240435d0fa89db6fcbcb1b59095e7c16\fabioz.vscode-pydev\pydev_ws
java_class_path (initial): c:\Users\lenovo\.vscode\extensions\fabioz.vscode-pydev-0.16.0\server\plugins\org.eclipse.equinox.launcher_1.6.700.v20240213-1244.jar
Launcher Type: SUN_STANDARD

[Global flags]
     intx CICompilerCount                          = 4                                         {product} {ergonomic}
     uint ConcGCThreads                            = 2                                         {product} {ergonomic}
     uint G1ConcRefinementThreads                  = 8                                         {product} {ergonomic}
   size_t G1HeapRegionSize                         = 1048576                                   {product} {ergonomic}
    uintx GCDrainStackTargetSize                   = 64                                        {product} {ergonomic}
   size_t InitialHeapSize                          = 132120576                                 {product} {ergonomic}
   size_t MarkStackSize                            = 4194304                                   {product} {ergonomic}
   size_t MaxHeapSize                              = 1073741824                                {product} {command line}
   size_t MaxNewSize                               = 643825664                                 {product} {ergonomic}
   size_t MinHeapDeltaBytes                        = 1048576                                   {product} {ergonomic}
   size_t MinHeapSize                              = 8388608                                   {product} {ergonomic}
    uintx NonNMethodCodeHeapSize                   = 5839372                                {pd product} {ergonomic}
    uintx NonProfiledCodeHeapSize                  = 122909434                              {pd product} {ergonomic}
    uintx ProfiledCodeHeapSize                     = 122909434                              {pd product} {ergonomic}
    uintx ReservedCodeCacheSize                    = 251658240                              {pd product} {ergonomic}
     bool SegmentedCodeCache                       = true                                      {product} {ergonomic}
   size_t SoftMaxHeapSize                          = 1073741824                             {manageable} {ergonomic}
     bool UseCompressedClassPointers               = true                           {product lp64_product} {ergonomic}
     bool UseCompressedOops                        = true                           {product lp64_product} {ergonomic}
     bool UseG1GC                                  = true                                      {product} {command line}
     bool UseLargePagesIndividualAllocation        = false                                  {pd product} {ergonomic}
     bool UseStringDeduplication                   = true                                      {product} {command line}

Logging:
Log output configuration:
 #0: stdout all=warning uptime,level,tags foldmultilines=false
 #1: stderr all=off uptime,level,tags foldmultilines=false

Environment Variables:
JAVA_HOME=C:\Program Files\Java\jdk-24
PATH=C:\app\lenovo\product\21c\dbhomeXE\bin;C:\Program Files\Python313\Scripts\;C:\Program Files\Python313\;C:\Program Files\Common Files\Oracle\Java\javapath;C:\Program Files (x86)\Common Files\Oracle\Java\java8path;C:\Program Files (x86)\Common Files\Oracle\Java\javapath;C:\Program Files (x86)\VMware\VMware Workstation\bin\;C:\WINDOWS\system32;C:\WINDOWS;C:\WINDOWS\System32\Wbem;C:\WINDOWS\System32\WindowsPowerShell\v1.0\;C:\WINDOWS\System32\OpenSSH\;C:\Program Files\Java\jdk-24;C:\Program Files\Java\jdk-24\bin;C:\Program Files (x86)\Microsoft SQL Server\160\Tools\Binn\;C:\Program Files\Microsoft SQL Server\160\Tools\Binn\;C:\Program Files\Microsoft SQL Server\Client SDK\ODBC\170\Tools\Binn\;C:\Program Files\Microsoft SQL Server\160\DTS\Binn\;C:\Program Files (x86)\Microsoft SQL Server\160\DTS\Binn\;C:\Program Files\nodejs\;C:\ProgramData\chocolatey\bin;C:\Program Files\Git\cmd;C:\Program Files\dotnet\;C:\Program Files\MongoDB\Server\8.2\mongosh-2.5.9-win32-x64\mongosh-2.5.9-win32-x64\bin;C:\Program Files\MongoDB\Server\8.2\mongodb-database-tools-windows-x86_64-100.13.0;C:\Program Files\MongoDB\Server\8.2\mongodb-database-tools-windows-x86_64-100.13.0\mongodb-database-tools-windows-x86_64-100.13.0\bin;C:\Program Files\PowerShell\7\;C:\Program Files\PowerShell\7-preview\preview;C:\Users\lenovo\.config\herd\bin\nvm;C:\Program Files\nodejs;C:\ProgramData\ComposerSetup\bin;C:\Users\lenovo\AppData\Roaming\Composer\vendor\bin;C:\wamp\bin\php\php8.2.0;C:\app\lenovo\product\21c\dbhomeXE\bin;C:\Program Files\Python313\Scripts\;C:\Program Files\Python313\;C:\Program Files\Common Files\Oracle\Java\javapath;C:\Program Files (x86)\Common Files\Oracle\Java\java8path;C:\Program Files (x86)\Common Files\Oracle\Java\javapath;C:\Program Files (x86)\VMware\VMware Workstation\bin\;C:\WINDOWS\system32;C:\WINDOWS;C:\WINDOWS\System32\Wbem;C:\WINDOWS\System32\WindowsPowerShell\v1.0\;C:\WINDOWS\System32\OpenSSH\;C:\Program Files\Java\jdk-24;C:\Program Files\Java\jdk-24\bin;C:\Program Files (x86)\Microsoft SQL Server\160\Tools\Binn\;C:\Program Files\Microsoft SQL Server\160\Tools\Binn\;C:\Program Files\Microsoft SQL Server\Client SDK\ODBC\170\Tools\Binn\;C:\Program Files\Microsoft SQL Server\160\DTS\Binn\;C:\Program Files (x86)\Microsoft SQL Server\160\DTS\Binn\;C:\Program Files\nodejs\;C:\ProgramData\chocolatey\bin;C:\Program Files\Git\cmd;C:\Program Files\dotnet\;C:\Program Files\MongoDB\Server\8.2\mongosh-2.5.9-win32-x64\mongosh-2.5.9-win32-x64\bin;C:\Program Files\MongoD;C:\Users\lenovo\AppData\Local\Programs\Microsoft VS Code\bin
USERNAME=lenovo
OS=Windows_NT
PROCESSOR_IDENTIFIER=Intel64 Family 6 Model 142 Stepping 10, GenuineIntel
TMP=C:\Users\lenovo\AppData\Local\Temp
TEMP=C:\Users\lenovo\AppData\Local\Temp



---------------  S Y S T E M  ---------------

OS:
 Windows 11 , 64 bit Build 26100 (10.0.26100.7653)
OS uptime: 14 days 20:19 hours
Hyper-V role detected

CPU: total 8 (initial active 8) (4 cores per cpu, 2 threads per core) family 6 model 142 stepping 10 microcode 0xf6, cx8, cmov, fxsr, ht, mmx, 3dnowpref, sse, sse2, sse3, ssse3, sse4.1, sse4.2, popcnt, lzcnt, tsc, tscinvbit, avx, avx2, aes, erms, clmul, bmi1, bmi2, rtm, adx, fma, vzeroupper, clflush, clflushopt, hv, rdtscp

Memory: 4k page, system-wide physical 8035M (923M free)
TotalPageFile size 32084M (AvailPageFile size 0M)
current process WorkingSet (physical memory assigned to process): 199M, peak: 199M
current process commit charge ("private bytes"): 277M, peak: 279M

vm_info: OpenJDK 64-Bit Server VM (19.0.2+7) for windows-amd64 JRE (19.0.2+7), built on 2023-01-17T00:00:00Z by "temurin" with MS VC++ 16.7 (VS2019)

END.
