#
# There is insufficient memory for the Java Runtime Environment to continue.
# Native memory allocation (malloc) failed to allocate 1524976 bytes for Chunk::new
# Possible reasons:
#   The system is out of physical RAM or swap space
#   The process is running with CompressedOops enabled, and the Java Heap may be blocking the growth of the native heap
# Possible solutions:
#   Reduce memory load on the system
#   Increase physical memory or swap space
#   Check if swap backing store is full
#   Decrease Java heap size (-Xmx/-Xms)
#   Decrease number of Java threads
#   Decrease Java thread stack sizes (-Xss)
#   Set larger code cache with -XX:ReservedCodeCacheSize=
#   JVM is running with Unscaled Compressed Oops mode in which the Java heap is
#     placed in the first 4GB address space. The Java Heap base address is the
#     maximum limit for the native heap growth. Please use -XX:HeapBaseMinAddress
#     to set the Java Heap base and to place the Java Heap above 4GB virtual address.
# This output file may be truncated or incomplete.
#
#  Out of Memory Error (arena.cpp:184), pid=19808, tid=20660
#
# JRE version: OpenJDK Runtime Environment Temurin-19.0.2+7 (19.0.2+7) (build 19.0.2+7)
# Java VM: OpenJDK 64-Bit Server VM Temurin-19.0.2+7 (19.0.2+7, mixed mode, sharing, tiered, compressed oops, compressed class ptrs, g1 gc, windows-amd64)
# No core dump will be written. Minidumps are not enabled by default on client versions of Windows
#

---------------  S U M M A R Y ------------

Command Line: --add-modules=ALL-SYSTEM --add-opens=java.base/java.util=ALL-UNNAMED --add-opens=java.base/java.lang=ALL-UNNAMED -Declipse.application=org.python.pydev.pydev_lsp.application -Dosgi.bundles.defaultStartLevel=4 -Declipse.product=org.python.pydev.pydev_lsp.product -Xmx1G -XX:+UseG1GC -XX:+UseStringDeduplication c:\Users\lenovo\.vscode\extensions\fabioz.vscode-pydev-0.16.0\server\plugins\org.eclipse.equinox.launcher_1.6.700.v20240213-1244.jar -configuration c:\Users\lenovo\.vscode\extensions\fabioz.vscode-pydev-0.16.0\server\config_win -data c:\Users\lenovo\AppData\Roaming\Code\User\workspaceStorage\240435d0fa89db6fcbcb1b59095e7c16\fabioz.vscode-pydev\pydev_ws

Host: Intel(R) Core(TM) i5-8350U CPU @ 1.70GHz, 8 cores, 7G,  Windows 11 , 64 bit Build 26100 (10.0.26100.7653)
Time: Mon Feb 23 12:17:25 2026 Greenwich elapsed time: 529164.589192 seconds (6d 2h 59m 24s)

---------------  T H R E A D  ---------------

Current thread (0x00000243df08ba10):  JavaThread "C2 CompilerThread0" daemon [_thread_in_native, id=20660, stack(0x000000744c200000,0x000000744c300000)]


Current CompileTask:
C2:529164590 9463       4       org.eclipse.core.internal.dtree.DataTreeWriter::writeNode (182 bytes)

Stack: [0x000000744c200000,0x000000744c300000]
Native frames: (J=compiled Java code, j=interpreted, Vv=VM code, C=native code)
V  [jvm.dll+0x6e9e1a]
V  [jvm.dll+0x8a36c0]
V  [jvm.dll+0x8a50ae]
V  [jvm.dll+0x8a5763]
V  [jvm.dll+0x27bcdf]
V  [jvm.dll+0xc221f]
V  [jvm.dll+0xc2595]
V  [jvm.dll+0x3b7d61]
V  [jvm.dll+0x3815f1]
V  [jvm.dll+0x380a9a]
V  [jvm.dll+0x2452db]
V  [jvm.dll+0x244671]
V  [jvm.dll+0x1cf4b1]
V  [jvm.dll+0x254229]
V  [jvm.dll+0x252418]
V  [jvm.dll+0x85403d]
V  [jvm.dll+0x84de3a]
V  [jvm.dll+0x6e8abb]
C  [ucrtbase.dll+0x37b0]
C  [KERNEL32.DLL+0x2e8d7]
C  [ntdll.dll+0x8c40c]


---------------  P R O C E S S  ---------------

Threads class SMR info:
_java_thread_list=0x00000243e4278730, length=29, elements={
0x00000243c3ad6290, 0x00000243df04e470, 0x00000243df04fcb0, 0x00000243df058340,
0x00000243df058c70, 0x00000243df05f260, 0x00000243df066f30, 0x00000243df08ba10,
0x00000243df08fa70, 0x00000243df09ca70, 0x00000243df018aa0, 0x00000243e3563e10,
0x00000243e38dd3b0, 0x00000243e358f220, 0x00000243e358f760, 0x00000243e3e4ea90,
0x00000243e3d6c910, 0x00000243e3b5b7a0, 0x00000243e3b5d230, 0x00000243e6948050,
0x00000243e6946b10, 0x00000243e6947060, 0x00000243e694a580, 0x00000243e69475b0,
0x00000243e6949040, 0x00000243e694b020, 0x00000243e694aad0, 0x00000243e5442b50,
0x00000243e5443c00
}

Java Threads: ( => current thread )
  0x00000243c3ad6290 JavaThread "main" [_thread_blocked, id=20584, stack(0x000000744b400000,0x000000744b500000)]
  0x00000243df04e470 JavaThread "Reference Handler" daemon [_thread_blocked, id=20636, stack(0x000000744bc00000,0x000000744bd00000)]
  0x00000243df04fcb0 JavaThread "Finalizer" daemon [_thread_blocked, id=20640, stack(0x000000744bd00000,0x000000744be00000)]
  0x00000243df058340 JavaThread "Signal Dispatcher" daemon [_thread_blocked, id=20644, stack(0x000000744be00000,0x000000744bf00000)]
  0x00000243df058c70 JavaThread "Attach Listener" daemon [_thread_blocked, id=20648, stack(0x000000744bf00000,0x000000744c000000)]
  0x00000243df05f260 JavaThread "Service Thread" daemon [_thread_blocked, id=20652, stack(0x000000744c000000,0x000000744c100000)]
  0x00000243df066f30 JavaThread "Monitor Deflation Thread" daemon [_thread_blocked, id=20656, stack(0x000000744c100000,0x000000744c200000)]
=>0x00000243df08ba10 JavaThread "C2 CompilerThread0" daemon [_thread_in_native, id=20660, stack(0x000000744c200000,0x000000744c300000)]
  0x00000243df08fa70 JavaThread "C1 CompilerThread0" daemon [_thread_blocked, id=20664, stack(0x000000744c300000,0x000000744c400000)]
  0x00000243df09ca70 JavaThread "Sweeper thread" daemon [_thread_blocked, id=20668, stack(0x000000744c400000,0x000000744c500000)]
  0x00000243df018aa0 JavaThread "Common-Cleaner" daemon [_thread_blocked, id=20688, stack(0x000000744c500000,0x000000744c600000)]
  0x00000243e3563e10 JavaThread "Notification Thread" daemon [_thread_blocked, id=20696, stack(0x000000744c600000,0x000000744c700000)]
  0x00000243e38dd3b0 JavaThread "Active Thread: Equinox Container: ffb2e8e1-78aa-42ec-b34f-79699945a09d" [_thread_blocked, id=21304, stack(0x000000744c800000,0x000000744c900000)]
  0x00000243e358f220 JavaThread "Framework Event Dispatcher: Equinox Container: ffb2e8e1-78aa-42ec-b34f-79699945a09d" daemon [_thread_blocked, id=21456, stack(0x000000744d000000,0x000000744d100000)]
  0x00000243e358f760 JavaThread "Start Level: Equinox Container: ffb2e8e1-78aa-42ec-b34f-79699945a09d" daemon [_thread_blocked, id=21460, stack(0x000000744d100000,0x000000744d200000)]
  0x00000243e3e4ea90 JavaThread "SCR Component Actor" daemon [_thread_blocked, id=13268, stack(0x000000744d200000,0x000000744d300000)]
  0x00000243e3d6c910 JavaThread "Worker-JM" [_thread_blocked, id=20724, stack(0x000000744d400000,0x000000744d500000)]
  0x00000243e3b5b7a0 JavaThread "pool-2-thread-1" [_thread_blocked, id=20964, stack(0x000000744da00000,0x000000744db00000)]
  0x00000243e3b5d230 JavaThread "pool-1-thread-1" [_thread_in_native, id=20868, stack(0x000000744db00000,0x000000744dc00000)]
  0x00000243e6948050 JavaThread "FileSystemWatchService" daemon [_thread_in_native, id=5292, stack(0x000000744d300000,0x000000744d400000)]
  0x00000243e6946b10 JavaThread "Thread-7" daemon [_thread_blocked, id=15064, stack(0x000000744df00000,0x000000744e000000)]
  0x00000243e6947060 JavaThread "Thread-9" daemon [_thread_blocked, id=21232, stack(0x000000744e000000,0x000000744e100000)]
  0x00000243e694a580 JavaThread "Worker-290" [_thread_blocked, id=28176, stack(0x000000744b100000,0x000000744b200000)]
  0x00000243e69475b0 JavaThread "Worker-293" [_thread_blocked, id=28328, stack(0x000000744b200000,0x000000744b300000)]
  0x00000243e6949040 JavaThread "ForkJoinPool.commonPool-worker-27" daemon [_thread_in_native, id=27024, stack(0x000000744d500000,0x000000744d600000)]
  0x00000243e694b020 JavaThread "Framework stop - Equinox Container: ffb2e8e1-78aa-42ec-b34f-79699945a09d" [_thread_in_Java, id=31012, stack(0x000000744d800000,0x000000744d900000)]
  0x00000243e694aad0 JavaThread "ForkJoinPool.commonPool-worker-28" daemon [_thread_blocked, id=8980, stack(0x000000744dc00000,0x000000744dd00000)]
  0x00000243e5442b50 JavaThread "C2 CompilerThread1" daemon [_thread_blocked, id=5764, stack(0x000000744d600000,0x000000744d700000)]
  0x00000243e5443c00 JavaThread "C2 CompilerThread2" daemon [_thread_blocked, id=23432, stack(0x000000744d700000,0x000000744d800000)]

Other Threads:
  0x00000243df0314d0 VMThread "VM Thread" [stack: 0x000000744bb00000,0x000000744bc00000] [id=20632]
  0x00000243e3564350 WatcherThread "VM Periodic Task Thread" [stack: 0x000000744c700000,0x000000744c800000] [id=20700]
  0x00000243c3b1a9f0 WorkerThread "GC Thread#0" [stack: 0x000000744b500000,0x000000744b600000] [id=20608]
  0x00000243e361eae0 WorkerThread "GC Thread#1" [stack: 0x000000744c900000,0x000000744ca00000] [id=21424]
  0x00000243e3a852e0 WorkerThread "GC Thread#2" [stack: 0x000000744ca00000,0x000000744cb00000] [id=21428]
  0x00000243e3a84d40 WorkerThread "GC Thread#3" [stack: 0x000000744cb00000,0x000000744cc00000] [id=21432]
  0x00000243e3a85010 WorkerThread "GC Thread#4" [stack: 0x000000744cc00000,0x000000744cd00000] [id=21440]
  0x00000243e3a855b0 WorkerThread "GC Thread#5" [stack: 0x000000744cd00000,0x000000744ce00000] [id=21444]
  0x00000243e3a84a70 WorkerThread "GC Thread#6" [stack: 0x000000744ce00000,0x000000744cf00000] [id=21448]
  0x00000243e3a85880 WorkerThread "GC Thread#7" [stack: 0x000000744cf00000,0x000000744d000000] [id=21452]
  0x00000243c3b23860 ConcurrentGCThread "G1 Main Marker" [stack: 0x000000744b600000,0x000000744b700000] [id=20612]
  0x00000243c3b241a0 WorkerThread "G1 Conc#0" [stack: 0x000000744b700000,0x000000744b800000] [id=20616]
  0x00000243e441d1f0 WorkerThread "G1 Conc#1" [stack: 0x000000744dd00000,0x000000744de00000] [id=19952]
  0x00000243deee8c90 ConcurrentGCThread "G1 Refine#0" [stack: 0x000000744b800000,0x000000744b900000] [id=20620]
  0x00000243deeea160 ConcurrentGCThread "G1 Service" [stack: 0x000000744b900000,0x000000744ba00000] [id=20624]
  0x00000243df02a150 ConcurrentGCThread "StringDedupProcessor" [stack: 0x000000744ba00000,0x000000744bb00000] [id=20628]

Threads with active compile tasks:
C2 CompilerThread0  529164689 9463       4       org.eclipse.core.internal.dtree.DataTreeWriter::writeNode (182 bytes)

VM state: not at safepoint (normal execution)

VM Mutex/Monitor currently owned by a thread: None

Heap address: 0x00000000c0000000, size: 1024 MB, Compressed Oops mode: 32-bit

CDS archive(s) mapped at: [0x0000000800000000-0x0000000800ad0000-0x0000000800ad0000), size 11337728, SharedBaseAddress: 0x0000000800000000, ArchiveRelocationMode: 0.
Compressed class space mapped at: 0x0000000800c00000-0x0000000840c00000, reserved size: 1073741824
Narrow klass base: 0x0000000800000000, Narrow klass shift: 0, Narrow klass range: 0x100000000

GC Precious Log:
 CardTable entry size: 512
 Card Set container configuration: InlinePtr #cards 5 size 8 Array Of Cards #cards 12 size 40 Howl #buckets 4 coarsen threshold 1843 Howl Bitmap #cards 512 size 80 coarsen threshold 460 Card regions per heap region 1 cards per card region 2048
 CPUs: 8 total, 8 available
 Memory: 8035M
 Large Page Support: Disabled
 NUMA Support: Disabled
 Compressed Oops: Enabled (32-bit)
 Heap Region Size: 1M
 Heap Min Capacity: 8M
 Heap Initial Capacity: 126M
 Heap Max Capacity: 1G
 Pre-touch: Disabled
 Parallel Workers: 8
 Concurrent Workers: 2
 Concurrent Refinement Workers: 8
 Periodic GC: Disabled
 String Deduplication is enabled

Heap:
 garbage-first heap   total 142336K, used 98947K [0x00000000c0000000, 0x0000000100000000)
  region size 1024K, 40 young (40960K), 1 survivors (1024K)
 Metaspace       used 30802K, committed 31552K, reserved 1114112K
  class space    used 2907K, committed 3264K, reserved 1048576K

Heap Regions: E=young(eden), S=young(survivor), O=old, HS=humongous(starts), HC=humongous(continues), CS=collection set, F=free, OA=open archive, CA=closed archive, TAMS=top-at-mark-start (previous, next)
|   0|0x00000000c0000000, 0x00000000c0100000, 0x00000000c0100000|100%| O|  |TAMS 0x00000000c0100000, 0x00000000c0000000| Untracked 
|   1|0x00000000c0100000, 0x00000000c0200000, 0x00000000c0200000|100%| O|  |TAMS 0x00000000c0200000, 0x00000000c0100000| Untracked 
|   2|0x00000000c0200000, 0x00000000c0300000, 0x00000000c0300000|100%| O|  |TAMS 0x00000000c0300000, 0x00000000c0200000| Untracked 
|   3|0x00000000c0300000, 0x00000000c0400000, 0x00000000c0400000|100%| O|  |TAMS 0x00000000c0400000, 0x00000000c0300000| Untracked 
|   4|0x00000000c0400000, 0x00000000c0500000, 0x00000000c0500000|100%| O|  |TAMS 0x00000000c0500000, 0x00000000c0400000| Untracked 
|   5|0x00000000c0500000, 0x00000000c0600000, 0x00000000c0600000|100%| O|  |TAMS 0x00000000c0600000, 0x00000000c0500000| Untracked 
|   6|0x00000000c0600000, 0x00000000c0700000, 0x00000000c0700000|100%| O|  |TAMS 0x00000000c0700000, 0x00000000c0600000| Untracked 
|   7|0x00000000c0700000, 0x00000000c0800000, 0x00000000c0800000|100%| O|  |TAMS 0x00000000c0800000, 0x00000000c0700000| Untracked 
|   8|0x00000000c0800000, 0x00000000c0900000, 0x00000000c0900000|100%| O|  |TAMS 0x00000000c0800000, 0x00000000c0800000| Untracked 
|   9|0x00000000c0900000, 0x00000000c0a00000, 0x00000000c0a00000|100%| O|  |TAMS 0x00000000c0a00000, 0x00000000c0900000| Untracked 
|  10|0x00000000c0a00000, 0x00000000c0b00000, 0x00000000c0b00000|100%| O|  |TAMS 0x00000000c0b00000, 0x00000000c0a00000| Untracked 
|  11|0x00000000c0b00000, 0x00000000c0c00000, 0x00000000c0c00000|100%| O|  |TAMS 0x00000000c0c00000, 0x00000000c0b00000| Untracked 
|  12|0x00000000c0c00000, 0x00000000c0d00000, 0x00000000c0d00000|100%| O|  |TAMS 0x00000000c0c00000, 0x00000000c0c00000| Untracked 
|  13|0x00000000c0d00000, 0x00000000c0e00000, 0x00000000c0e00000|100%| O|  |TAMS 0x00000000c0d00000, 0x00000000c0d00000| Untracked 
|  14|0x00000000c0e00000, 0x00000000c0f00000, 0x00000000c0f00000|100%| O|  |TAMS 0x00000000c0e00000, 0x00000000c0e00000| Untracked 
|  15|0x00000000c0f00000, 0x00000000c1000000, 0x00000000c1000000|100%| O|  |TAMS 0x00000000c1000000, 0x00000000c0f00000| Untracked 
|  16|0x00000000c1000000, 0x00000000c1100000, 0x00000000c1100000|100%| O|  |TAMS 0x00000000c1100000, 0x00000000c1000000| Untracked 
|  17|0x00000000c1100000, 0x00000000c1200000, 0x00000000c1200000|100%| O|  |TAMS 0x00000000c1200000, 0x00000000c1100000| Untracked 
|  18|0x00000000c1200000, 0x00000000c1300000, 0x00000000c1300000|100%| O|  |TAMS 0x00000000c1300000, 0x00000000c1200000| Untracked 
|  19|0x00000000c1300000, 0x00000000c1400000, 0x00000000c1400000|100%| O|  |TAMS 0x00000000c1400000, 0x00000000c1300000| Untracked 
|  20|0x00000000c1400000, 0x00000000c1430a00, 0x00000000c1500000| 18%| O|  |TAMS 0x00000000c1400000, 0x00000000c1400000| Untracked 
|  21|0x00000000c1500000, 0x00000000c1600000, 0x00000000c1600000|100%| O|  |TAMS 0x00000000c1600000, 0x00000000c1500000| Untracked 
|  22|0x00000000c1600000, 0x00000000c1700000, 0x00000000c1700000|100%| O|  |TAMS 0x00000000c1700000, 0x00000000c1600000| Untracked 
|  23|0x00000000c1700000, 0x00000000c1800000, 0x00000000c1800000|100%| O|  |TAMS 0x00000000c1800000, 0x00000000c1700000| Untracked 
|  24|0x00000000c1800000, 0x00000000c1800000, 0x00000000c1900000|  0%| F|  |TAMS 0x00000000c1800000, 0x00000000c1800000| Untracked 
|  25|0x00000000c1900000, 0x00000000c1900000, 0x00000000c1a00000|  0%| F|  |TAMS 0x00000000c1900000, 0x00000000c1900000| Untracked 
|  26|0x00000000c1a00000, 0x00000000c1b00000, 0x00000000c1b00000|100%| O|  |TAMS 0x00000000c1b00000, 0x00000000c1a00000| Untracked 
|  27|0x00000000c1b00000, 0x00000000c1b00000, 0x00000000c1c00000|  0%| F|  |TAMS 0x00000000c1b00000, 0x00000000c1b00000| Untracked 
|  28|0x00000000c1c00000, 0x00000000c1d00000, 0x00000000c1d00000|100%| O|  |TAMS 0x00000000c1d00000, 0x00000000c1c00000| Untracked 
|  29|0x00000000c1d00000, 0x00000000c1d00000, 0x00000000c1e00000|  0%| F|  |TAMS 0x00000000c1d00000, 0x00000000c1d00000| Untracked 
|  30|0x00000000c1e00000, 0x00000000c1f00000, 0x00000000c1f00000|100%| O|  |TAMS 0x00000000c1f00000, 0x00000000c1e00000| Untracked 
|  31|0x00000000c1f00000, 0x00000000c2000000, 0x00000000c2000000|100%| O|  |TAMS 0x00000000c2000000, 0x00000000c1f00000| Untracked 
|  32|0x00000000c2000000, 0x00000000c2100000, 0x00000000c2100000|100%| O|  |TAMS 0x00000000c2100000, 0x00000000c2000000| Untracked 
|  33|0x00000000c2100000, 0x00000000c2100000, 0x00000000c2200000|  0%| F|  |TAMS 0x00000000c2100000, 0x00000000c2100000| Untracked 
|  34|0x00000000c2200000, 0x00000000c2200000, 0x00000000c2300000|  0%| F|  |TAMS 0x00000000c2200000, 0x00000000c2200000| Untracked 
|  35|0x00000000c2300000, 0x00000000c2400000, 0x00000000c2400000|100%| O|  |TAMS 0x00000000c2400000, 0x00000000c2300000| Untracked 
|  36|0x00000000c2400000, 0x00000000c2500000, 0x00000000c2500000|100%| O|  |TAMS 0x00000000c2500000, 0x00000000c2400000| Untracked 
|  37|0x00000000c2500000, 0x00000000c2500000, 0x00000000c2600000|  0%| F|  |TAMS 0x00000000c2500000, 0x00000000c2500000| Untracked 
|  38|0x00000000c2600000, 0x00000000c2600000, 0x00000000c2700000|  0%| F|  |TAMS 0x00000000c2600000, 0x00000000c2600000| Untracked 
|  39|0x00000000c2700000, 0x00000000c2800000, 0x00000000c2800000|100%| O|  |TAMS 0x00000000c2800000, 0x00000000c2700000| Untracked 
|  40|0x00000000c2800000, 0x00000000c2900000, 0x00000000c2900000|100%| O|  |TAMS 0x00000000c2900000, 0x00000000c2800000| Untracked 
|  41|0x00000000c2900000, 0x00000000c2a00000, 0x00000000c2a00000|100%| O|  |TAMS 0x00000000c2916000, 0x00000000c2900000| Untracked 
|  42|0x00000000c2a00000, 0x00000000c2b00000, 0x00000000c2b00000|100%| O|  |TAMS 0x00000000c2a00000, 0x00000000c2a00000| Untracked 
|  43|0x00000000c2b00000, 0x00000000c2c00000, 0x00000000c2c00000|100%|HS|  |TAMS 0x00000000c2c00000, 0x00000000c2b00000| Complete 
|  44|0x00000000c2c00000, 0x00000000c2d00000, 0x00000000c2d00000|100%| O|  |TAMS 0x00000000c2c00000, 0x00000000c2c00000| Untracked 
|  45|0x00000000c2d00000, 0x00000000c2e00000, 0x00000000c2e00000|100%| O|  |TAMS 0x00000000c2d00000, 0x00000000c2d00000| Untracked 
|  46|0x00000000c2e00000, 0x00000000c2e00000, 0x00000000c2f00000|  0%| F|  |TAMS 0x00000000c2e00000, 0x00000000c2e00000| Untracked 
|  47|0x00000000c2f00000, 0x00000000c3000000, 0x00000000c3000000|100%| O|  |TAMS 0x00000000c2f00000, 0x00000000c2f00000| Untracked 
|  48|0x00000000c3000000, 0x00000000c3100000, 0x00000000c3100000|100%| O|  |TAMS 0x00000000c3000000, 0x00000000c3000000| Untracked 
|  49|0x00000000c3100000, 0x00000000c3200000, 0x00000000c3200000|100%| O|  |TAMS 0x00000000c3100000, 0x00000000c3100000| Untracked 
|  50|0x00000000c3200000, 0x00000000c3300000, 0x00000000c3300000|100%| O|  |TAMS 0x00000000c3200000, 0x00000000c3200000| Untracked 
|  51|0x00000000c3300000, 0x00000000c3400000, 0x00000000c3400000|100%| O|  |TAMS 0x00000000c3300000, 0x00000000c3300000| Untracked 
|  52|0x00000000c3400000, 0x00000000c3500000, 0x00000000c3500000|100%| O|  |TAMS 0x00000000c3400000, 0x00000000c3400000| Untracked 
|  53|0x00000000c3500000, 0x00000000c3600000, 0x00000000c3600000|100%| O|  |TAMS 0x00000000c3500000, 0x00000000c3500000| Untracked 
|  54|0x00000000c3600000, 0x00000000c3700000, 0x00000000c3700000|100%| O|  |TAMS 0x00000000c3600000, 0x00000000c3600000| Untracked 
|  55|0x00000000c3700000, 0x00000000c3800000, 0x00000000c3800000|100%| O|  |TAMS 0x00000000c3700000, 0x00000000c3700000| Untracked 
|  56|0x00000000c3800000, 0x00000000c3900000, 0x00000000c3900000|100%| O|  |TAMS 0x00000000c3800000, 0x00000000c3800000| Untracked 
|  57|0x00000000c3900000, 0x00000000c3900000, 0x00000000c3a00000|  0%| F|  |TAMS 0x00000000c3900000, 0x00000000c3900000| Untracked 
|  58|0x00000000c3a00000, 0x00000000c3a00000, 0x00000000c3b00000|  0%| F|  |TAMS 0x00000000c3a00000, 0x00000000c3a00000| Untracked 
|  59|0x00000000c3b00000, 0x00000000c3b00000, 0x00000000c3c00000|  0%| F|  |TAMS 0x00000000c3b00000, 0x00000000c3b00000| Untracked 
|  60|0x00000000c3c00000, 0x00000000c3c00000, 0x00000000c3d00000|  0%| F|  |TAMS 0x00000000c3c00000, 0x00000000c3c00000| Untracked 
|  61|0x00000000c3d00000, 0x00000000c3d00000, 0x00000000c3e00000|  0%| F|  |TAMS 0x00000000c3d00000, 0x00000000c3d00000| Untracked 
|  62|0x00000000c3e00000, 0x00000000c3f00000, 0x00000000c3f00000|100%| O|  |TAMS 0x00000000c3e00000, 0x00000000c3e00000| Untracked 
|  63|0x00000000c3f00000, 0x00000000c4000000, 0x00000000c4000000|100%| O|  |TAMS 0x00000000c3f00000, 0x00000000c3f00000| Untracked 
|  64|0x00000000c4000000, 0x00000000c4100000, 0x00000000c4100000|100%| O|  |TAMS 0x00000000c4000000, 0x00000000c4000000| Untracked 
|  65|0x00000000c4100000, 0x00000000c4200000, 0x00000000c4200000|100%| O|  |TAMS 0x00000000c4100000, 0x00000000c4100000| Untracked 
|  66|0x00000000c4200000, 0x00000000c4300000, 0x00000000c4300000|100%| O|  |TAMS 0x00000000c4200000, 0x00000000c4200000| Untracked 
|  67|0x00000000c4300000, 0x00000000c4400000, 0x00000000c4400000|100%| O|  |TAMS 0x00000000c4300000, 0x00000000c4300000| Untracked 
|  68|0x00000000c4400000, 0x00000000c4500000, 0x00000000c4500000|100%| O|  |TAMS 0x00000000c4400000, 0x00000000c4400000| Untracked 
|  69|0x00000000c4500000, 0x00000000c4570250, 0x00000000c4600000| 43%| S|CS|TAMS 0x00000000c4500000, 0x00000000c4500000| Complete 
|  70|0x00000000c4600000, 0x00000000c4700000, 0x00000000c4700000|100%| O|  |TAMS 0x00000000c4600000, 0x00000000c4600000| Untracked 
|  71|0x00000000c4700000, 0x00000000c4800000, 0x00000000c4800000|100%| O|  |TAMS 0x00000000c4700000, 0x00000000c4700000| Untracked 
|  72|0x00000000c4800000, 0x00000000c4900000, 0x00000000c4900000|100%| O|  |TAMS 0x00000000c4800000, 0x00000000c4800000| Untracked 
|  73|0x00000000c4900000, 0x00000000c4a00000, 0x00000000c4a00000|100%| O|  |TAMS 0x00000000c4900000, 0x00000000c4900000| Untracked 
|  74|0x00000000c4a00000, 0x00000000c4a00000, 0x00000000c4b00000|  0%| F|  |TAMS 0x00000000c4a00000, 0x00000000c4a00000| Untracked 
|  75|0x00000000c4b00000, 0x00000000c4b00000, 0x00000000c4c00000|  0%| F|  |TAMS 0x00000000c4b00000, 0x00000000c4b00000| Untracked 
|  76|0x00000000c4c00000, 0x00000000c4c00000, 0x00000000c4d00000|  0%| F|  |TAMS 0x00000000c4c00000, 0x00000000c4c00000| Untracked 
|  77|0x00000000c4d00000, 0x00000000c4d00000, 0x00000000c4e00000|  0%| F|  |TAMS 0x00000000c4d00000, 0x00000000c4d00000| Untracked 
|  78|0x00000000c4e00000, 0x00000000c4e00000, 0x00000000c4f00000|  0%| F|  |TAMS 0x00000000c4e00000, 0x00000000c4e00000| Untracked 
|  79|0x00000000c4f00000, 0x00000000c4f00000, 0x00000000c5000000|  0%| F|  |TAMS 0x00000000c4f00000, 0x00000000c4f00000| Untracked 
|  80|0x00000000c5000000, 0x00000000c5000000, 0x00000000c5100000|  0%| F|  |TAMS 0x00000000c5000000, 0x00000000c5000000| Untracked 
|  81|0x00000000c5100000, 0x00000000c5100000, 0x00000000c5200000|  0%| F|  |TAMS 0x00000000c5100000, 0x00000000c5100000| Untracked 
|  82|0x00000000c5200000, 0x00000000c5200000, 0x00000000c5300000|  0%| F|  |TAMS 0x00000000c5200000, 0x00000000c5200000| Untracked 
|  83|0x00000000c5300000, 0x00000000c5300000, 0x00000000c5400000|  0%| F|  |TAMS 0x00000000c5300000, 0x00000000c5300000| Untracked 
|  84|0x00000000c5400000, 0x00000000c5400000, 0x00000000c5500000|  0%| F|  |TAMS 0x00000000c5400000, 0x00000000c5400000| Untracked 
|  85|0x00000000c5500000, 0x00000000c5500000, 0x00000000c5600000|  0%| F|  |TAMS 0x00000000c5500000, 0x00000000c5500000| Untracked 
|  86|0x00000000c5600000, 0x00000000c5600000, 0x00000000c5700000|  0%| F|  |TAMS 0x00000000c5600000, 0x00000000c5600000| Untracked 
|  87|0x00000000c5700000, 0x00000000c5700000, 0x00000000c5800000|  0%| F|  |TAMS 0x00000000c5700000, 0x00000000c5700000| Untracked 
|  88|0x00000000c5800000, 0x00000000c5800000, 0x00000000c5900000|  0%| F|  |TAMS 0x00000000c5800000, 0x00000000c5800000| Untracked 
|  89|0x00000000c5900000, 0x00000000c5900000, 0x00000000c5a00000|  0%| F|  |TAMS 0x00000000c5900000, 0x00000000c5900000| Untracked 
|  90|0x00000000c5a00000, 0x00000000c5a00000, 0x00000000c5b00000|  0%| F|  |TAMS 0x00000000c5a00000, 0x00000000c5a00000| Untracked 
|  91|0x00000000c5b00000, 0x00000000c5b00000, 0x00000000c5c00000|  0%| F|  |TAMS 0x00000000c5b00000, 0x00000000c5b00000| Untracked 
|  92|0x00000000c5c00000, 0x00000000c5c00000, 0x00000000c5d00000|  0%| F|  |TAMS 0x00000000c5c00000, 0x00000000c5c00000| Untracked 
|  93|0x00000000c5d00000, 0x00000000c5d00000, 0x00000000c5e00000|  0%| F|  |TAMS 0x00000000c5d00000, 0x00000000c5d00000| Untracked 
|  94|0x00000000c5e00000, 0x00000000c5e00000, 0x00000000c5f00000|  0%| F|  |TAMS 0x00000000c5e00000, 0x00000000c5e00000| Untracked 
|  95|0x00000000c5f00000, 0x00000000c5f00000, 0x00000000c6000000|  0%| F|  |TAMS 0x00000000c5f00000, 0x00000000c5f00000| Untracked 
|  96|0x00000000c6000000, 0x00000000c6000000, 0x00000000c6100000|  0%| F|  |TAMS 0x00000000c6000000, 0x00000000c6000000| Untracked 
|  97|0x00000000c6100000, 0x00000000c6100000, 0x00000000c6200000|  0%| F|  |TAMS 0x00000000c6100000, 0x00000000c6100000| Untracked 
|  98|0x00000000c6200000, 0x00000000c6200000, 0x00000000c6300000|  0%| F|  |TAMS 0x00000000c6200000, 0x00000000c6200000| Untracked 
|  99|0x00000000c6300000, 0x00000000c6300000, 0x00000000c6400000|  0%| F|  |TAMS 0x00000000c6300000, 0x00000000c6300000| Untracked 
| 100|0x00000000c6400000, 0x00000000c64a47b8, 0x00000000c6500000| 64%| E|  |TAMS 0x00000000c6400000, 0x00000000c6400000| Complete 
| 101|0x00000000c6500000, 0x00000000c6600000, 0x00000000c6600000|100%| E|CS|TAMS 0x00000000c6500000, 0x00000000c6500000| Complete 
| 102|0x00000000c6600000, 0x00000000c6700000, 0x00000000c6700000|100%| E|CS|TAMS 0x00000000c6600000, 0x00000000c6600000| Complete 
| 103|0x00000000c6700000, 0x00000000c6800000, 0x00000000c6800000|100%| E|CS|TAMS 0x00000000c6700000, 0x00000000c6700000| Complete 
| 104|0x00000000c6800000, 0x00000000c6900000, 0x00000000c6900000|100%| E|CS|TAMS 0x00000000c6800000, 0x00000000c6800000| Complete 
| 105|0x00000000c6900000, 0x00000000c6a00000, 0x00000000c6a00000|100%| E|CS|TAMS 0x00000000c6900000, 0x00000000c6900000| Complete 
| 106|0x00000000c6a00000, 0x00000000c6b00000, 0x00000000c6b00000|100%| E|CS|TAMS 0x00000000c6a00000, 0x00000000c6a00000| Complete 
| 107|0x00000000c6b00000, 0x00000000c6c00000, 0x00000000c6c00000|100%| E|CS|TAMS 0x00000000c6b00000, 0x00000000c6b00000| Complete 
| 108|0x00000000c6c00000, 0x00000000c6d00000, 0x00000000c6d00000|100%| E|CS|TAMS 0x00000000c6c00000, 0x00000000c6c00000| Complete 
| 109|0x00000000c6d00000, 0x00000000c6e00000, 0x00000000c6e00000|100%| E|CS|TAMS 0x00000000c6d00000, 0x00000000c6d00000| Complete 
| 110|0x00000000c6e00000, 0x00000000c6f00000, 0x00000000c6f00000|100%| E|CS|TAMS 0x00000000c6e00000, 0x00000000c6e00000| Complete 
| 111|0x00000000c6f00000, 0x00000000c7000000, 0x00000000c7000000|100%| E|CS|TAMS 0x00000000c6f00000, 0x00000000c6f00000| Complete 
| 112|0x00000000c7000000, 0x00000000c7100000, 0x00000000c7100000|100%| E|CS|TAMS 0x00000000c7000000, 0x00000000c7000000| Complete 
| 113|0x00000000c7100000, 0x00000000c7200000, 0x00000000c7200000|100%| E|CS|TAMS 0x00000000c7100000, 0x00000000c7100000| Complete 
| 114|0x00000000c7200000, 0x00000000c7300000, 0x00000000c7300000|100%| E|CS|TAMS 0x00000000c7200000, 0x00000000c7200000| Complete 
| 115|0x00000000c7300000, 0x00000000c7400000, 0x00000000c7400000|100%| E|CS|TAMS 0x00000000c7300000, 0x00000000c7300000| Complete 
| 116|0x00000000c7400000, 0x00000000c7500000, 0x00000000c7500000|100%| E|CS|TAMS 0x00000000c7400000, 0x00000000c7400000| Complete 
| 117|0x00000000c7500000, 0x00000000c7600000, 0x00000000c7600000|100%| E|CS|TAMS 0x00000000c7500000, 0x00000000c7500000| Complete 
| 118|0x00000000c7600000, 0x00000000c7700000, 0x00000000c7700000|100%| E|CS|TAMS 0x00000000c7600000, 0x00000000c7600000| Complete 
| 119|0x00000000c7700000, 0x00000000c7800000, 0x00000000c7800000|100%| E|CS|TAMS 0x00000000c7700000, 0x00000000c7700000| Complete 
| 120|0x00000000c7800000, 0x00000000c7900000, 0x00000000c7900000|100%| E|CS|TAMS 0x00000000c7800000, 0x00000000c7800000| Complete 
| 121|0x00000000c7900000, 0x00000000c7a00000, 0x00000000c7a00000|100%| E|CS|TAMS 0x00000000c7900000, 0x00000000c7900000| Complete 
| 122|0x00000000c7a00000, 0x00000000c7b00000, 0x00000000c7b00000|100%| E|CS|TAMS 0x00000000c7a00000, 0x00000000c7a00000| Complete 
| 123|0x00000000c7b00000, 0x00000000c7c00000, 0x00000000c7c00000|100%| E|CS|TAMS 0x00000000c7b00000, 0x00000000c7b00000| Complete 
| 124|0x00000000c7c00000, 0x00000000c7d00000, 0x00000000c7d00000|100%| E|CS|TAMS 0x00000000c7c00000, 0x00000000c7c00000| Complete 
| 125|0x00000000c7d00000, 0x00000000c7e00000, 0x00000000c7e00000|100%| E|CS|TAMS 0x00000000c7d00000, 0x00000000c7d00000| Complete 
| 126|0x00000000c7e00000, 0x00000000c7f00000, 0x00000000c7f00000|100%| E|CS|TAMS 0x00000000c7e00000, 0x00000000c7e00000| Complete 
| 127|0x00000000c7f00000, 0x00000000c8000000, 0x00000000c8000000|100%| E|CS|TAMS 0x00000000c7f00000, 0x00000000c7f00000| Complete 
| 128|0x00000000c8000000, 0x00000000c8100000, 0x00000000c8100000|100%| E|CS|TAMS 0x00000000c8000000, 0x00000000c8000000| Complete 
| 129|0x00000000c8100000, 0x00000000c8200000, 0x00000000c8200000|100%| E|CS|TAMS 0x00000000c8100000, 0x00000000c8100000| Complete 
| 130|0x00000000c8200000, 0x00000000c8300000, 0x00000000c8300000|100%| E|CS|TAMS 0x00000000c8200000, 0x00000000c8200000| Complete 
| 131|0x00000000c8300000, 0x00000000c8400000, 0x00000000c8400000|100%| E|CS|TAMS 0x00000000c8300000, 0x00000000c8300000| Complete 
| 132|0x00000000c8400000, 0x00000000c8500000, 0x00000000c8500000|100%| E|CS|TAMS 0x00000000c8400000, 0x00000000c8400000| Complete 
| 133|0x00000000c8500000, 0x00000000c8600000, 0x00000000c8600000|100%| E|CS|TAMS 0x00000000c8500000, 0x00000000c8500000| Complete 
| 134|0x00000000c8600000, 0x00000000c8700000, 0x00000000c8700000|100%| E|CS|TAMS 0x00000000c8600000, 0x00000000c8600000| Complete 
| 135|0x00000000c8700000, 0x00000000c8800000, 0x00000000c8800000|100%| E|CS|TAMS 0x00000000c8700000, 0x00000000c8700000| Complete 
| 136|0x00000000c8800000, 0x00000000c8900000, 0x00000000c8900000|100%| E|CS|TAMS 0x00000000c8800000, 0x00000000c8800000| Complete 
| 137|0x00000000c8900000, 0x00000000c8a00000, 0x00000000c8a00000|100%| E|CS|TAMS 0x00000000c8900000, 0x00000000c8900000| Complete 
| 138|0x00000000c8a00000, 0x00000000c8b00000, 0x00000000c8b00000|100%| E|CS|TAMS 0x00000000c8a00000, 0x00000000c8a00000| Complete 

Card table byte_map: [0x00000243da1e0000,0x00000243da3e0000] _byte_map_base: 0x00000243d9be0000

Marking Bits (Prev, Next): (CMBitMap*) 0x00000243c3b1af70, (CMBitMap*) 0x00000243c3b1af30
 Prev Bits: [0x00000243db5e0000, 0x00000243dc5e0000)
 Next Bits: [0x00000243da5e0000, 0x00000243db5e0000)

Polling page: 0x00000243c3850000

Metaspace:

Usage:
  Non-class:     27.24 MB used.
      Class:      2.84 MB used.
       Both:     30.08 MB used.

Virtual space:
  Non-class space:       64.00 MB reserved,      27.62 MB ( 43%) committed,  1 nodes.
      Class space:        1.00 GB reserved,       3.19 MB ( <1%) committed,  1 nodes.
             Both:        1.06 GB reserved,      30.81 MB (  3%) committed. 

Chunk freelists:
   Non-Class:  16.00 KB
       Class:  833.00 KB
        Both:  849.00 KB

MaxMetaspaceSize: unlimited
CompressedClassSpaceSize: 1.00 GB
Initial GC threshold: 21.00 MB
Current GC threshold: 49.50 MB
CDS: on
MetaspaceReclaimPolicy: balanced
 - commit_granule_bytes: 65536.
 - commit_granule_words: 8192.
 - virtual_space_node_default_size: 8388608.
 - enlarge_chunks_in_place: 1.
 - new_chunks_are_fully_committed: 0.
 - uncommit_free_chunks: 1.
 - use_allocation_guard: 0.


Internal statistics:

num_allocs_failed_limit: 3.
num_arena_births: 904.
num_arena_deaths: 176.
num_vsnodes_births: 2.
num_vsnodes_deaths: 0.
num_space_committed: 493.
num_space_uncommitted: 0.
num_chunks_returned_to_freelist: 190.
num_chunks_taken_from_freelist: 2408.
num_chunk_merges: 48.
num_chunk_splits: 1383.
num_chunks_enlarged: 703.
num_inconsistent_stats: 0.

CodeHeap 'non-profiled nmethods': size=120000Kb used=7325Kb max_used=7325Kb free=112675Kb
 bounds [0x00000243d2050000, 0x00000243d2780000, 0x00000243d9580000]
CodeHeap 'profiled nmethods': size=120000Kb used=15737Kb max_used=15737Kb free=104263Kb
 bounds [0x00000243ca580000, 0x00000243cb4f0000, 0x00000243d1ab0000]
CodeHeap 'non-nmethods': size=5760Kb used=1380Kb max_used=1599Kb free=4379Kb
 bounds [0x00000243d1ab0000, 0x00000243d1d20000, 0x00000243d2050000]
 total_blobs=8110 nmethods=7495 adapters=523
 compilation: enabled
              stopped_count=0, restarted_count=0
 full_count=0

Compilation events (20 events):
Event: 529163.528 Thread 0x00000243df08fa70 nmethod 9475 0x00000243d2770b10 code [0x00000243d2770ca0, 0x00000243d2770d58]
Event: 529163.529 Thread 0x00000243df08fa70 9476       3       java.util.jar.JarFile::entryFor (10 bytes)
Event: 529163.529 Thread 0x00000243e5442030 nmethod 9466 0x00000243d2770e10 code [0x00000243d2771080, 0x00000243d2771bc0]
Event: 529163.530 Thread 0x00000243df08fa70 nmethod 9476 0x00000243cb4d7c10 code [0x00000243cb4d7de0, 0x00000243cb4d8128]
Event: 529163.530 Thread 0x00000243df08fa70 9477       3       java.util.jar.JarFile$JarFileEntry::<init> (16 bytes)
Event: 529163.531 Thread 0x00000243df08fa70 nmethod 9477 0x00000243cb4d8290 code [0x00000243cb4d8440, 0x00000243cb4d86a8]
Event: 529163.531 Thread 0x00000243df08fa70 9478       3       java.util.jar.JarEntry::<init> (6 bytes)
Event: 529163.531 Thread 0x00000243df08fa70 nmethod 9478 0x00000243cb264490 code [0x00000243cb264640, 0x00000243cb264788]
Event: 529163.549 Thread 0x00000243df08fa70 9481       3       org.eclipse.osgi.internal.container.ComputeNodeOrder$Digraph::addEdge (67 bytes)
Event: 529163.550 Thread 0x00000243df08fa70 nmethod 9481 0x00000243cb4d8790 code [0x00000243cb4d89a0, 0x00000243cb4d90b8]
Event: 529163.556 Thread 0x00000243e5442030 9482       4       org.eclipse.osgi.internal.framework.EquinoxBundle::getBundleId (11 bytes)
Event: 529163.557 Thread 0x00000243e5442030 nmethod 9482 0x00000243d2772c90 code [0x00000243d2772e20, 0x00000243d2772eb8]
Event: 529163.566 Thread 0x00000243df08fa70 9483       3       java.lang.invoke.SimpleMethodHandle::speciesData (4 bytes)
Event: 529163.566 Thread 0x00000243df08fa70 nmethod 9483 0x00000243cb4d9290 code [0x00000243cb4d9420, 0x00000243cb4d9538]
Event: 529163.571 Thread 0x00000243df08fa70 9484       3       org.eclipse.core.runtime.ServiceCaller$ReferenceAndService::bundleChanged (32 bytes)
Event: 529163.577 Thread 0x00000243df08fa70 nmethod 9484 0x00000243cb4d9610 code [0x00000243cb4d9840, 0x00000243cb4d9ff8]
Event: 529163.578 Thread 0x00000243df08fa70 9485   !   3       java.util.concurrent.ConcurrentHashMap::putVal (433 bytes)
Event: 529163.581 Thread 0x00000243df08fa70 nmethod 9485 0x00000243cb4da410 code [0x00000243cb4da780, 0x00000243cb4dc328]
Event: 529163.581 Thread 0x00000243df08fa70 9486       3       java.lang.invoke.MethodType::makeImpl (109 bytes)
Event: 529163.583 Thread 0x00000243df08fa70 nmethod 9486 0x00000243cb4dcc90 code [0x00000243cb4dcf40, 0x00000243cb4ddd38]

GC Heap History (20 events):
Event: 471757.720 GC heap before
{Heap before GC invocations=228 (full 0):
 garbage-first heap   total 142336K, used 124605K [0x00000000c0000000, 0x0000000100000000)
  region size 1024K, 64 young (65536K), 1 survivors (1024K)
 Metaspace       used 30602K, committed 31360K, reserved 1114112K
  class space    used 2873K, committed 3264K, reserved 1048576K
}
Event: 471757.730 GC heap after
{Heap after GC invocations=229 (full 0):
 garbage-first heap   total 142336K, used 60007K [0x00000000c0000000, 0x0000000100000000)
  region size 1024K, 1 young (1024K), 1 survivors (1024K)
 Metaspace       used 30602K, committed 31360K, reserved 1114112K
  class space    used 2873K, committed 3264K, reserved 1048576K
}
Event: 471777.260 GC heap before
{Heap before GC invocations=229 (full 0):
 garbage-first heap   total 142336K, used 124519K [0x00000000c0000000, 0x0000000100000000)
  region size 1024K, 64 young (65536K), 1 survivors (1024K)
 Metaspace       used 30612K, committed 31360K, reserved 1114112K
  class space    used 2873K, committed 3264K, reserved 1048576K
}
Event: 471777.266 GC heap after
{Heap after GC invocations=230 (full 0):
 garbage-first heap   total 142336K, used 60540K [0x00000000c0000000, 0x0000000100000000)
  region size 1024K, 1 young (1024K), 1 survivors (1024K)
 Metaspace       used 30612K, committed 31360K, reserved 1114112K
  class space    used 2873K, committed 3264K, reserved 1048576K
}
Event: 471805.742 GC heap before
{Heap before GC invocations=230 (full 0):
 garbage-first heap   total 142336K, used 125052K [0x00000000c0000000, 0x0000000100000000)
  region size 1024K, 64 young (65536K), 1 survivors (1024K)
 Metaspace       used 30612K, committed 31360K, reserved 1114112K
  class space    used 2873K, committed 3264K, reserved 1048576K
}
Event: 471805.749 GC heap after
{Heap after GC invocations=231 (full 0):
 garbage-first heap   total 142336K, used 60845K [0x00000000c0000000, 0x0000000100000000)
  region size 1024K, 2 young (2048K), 2 survivors (2048K)
 Metaspace       used 30612K, committed 31360K, reserved 1114112K
  class space    used 2873K, committed 3264K, reserved 1048576K
}
Event: 471829.701 GC heap before
{Heap before GC invocations=231 (full 0):
 garbage-first heap   total 142336K, used 124333K [0x00000000c0000000, 0x0000000100000000)
  region size 1024K, 64 young (65536K), 2 survivors (2048K)
 Metaspace       used 30612K, committed 31360K, reserved 1114112K
  class space    used 2873K, committed 3264K, reserved 1048576K
}
Event: 471829.707 GC heap after
{Heap after GC invocations=232 (full 0):
 garbage-first heap   total 142336K, used 60831K [0x00000000c0000000, 0x0000000100000000)
  region size 1024K, 2 young (2048K), 2 survivors (2048K)
 Metaspace       used 30612K, committed 31360K, reserved 1114112K
  class space    used 2873K, committed 3264K, reserved 1048576K
}
Event: 472650.891 GC heap before
{Heap before GC invocations=232 (full 0):
 garbage-first heap   total 142336K, used 124319K [0x00000000c0000000, 0x0000000100000000)
  region size 1024K, 64 young (65536K), 2 survivors (2048K)
 Metaspace       used 30612K, committed 31360K, reserved 1114112K
  class space    used 2873K, committed 3264K, reserved 1048576K
}
Event: 472650.928 GC heap after
{Heap after GC invocations=233 (full 0):
 garbage-first heap   total 142336K, used 60083K [0x00000000c0000000, 0x0000000100000000)
  region size 1024K, 1 young (1024K), 1 survivors (1024K)
 Metaspace       used 30612K, committed 31360K, reserved 1114112K
  class space    used 2873K, committed 3264K, reserved 1048576K
}
Event: 473391.322 GC heap before
{Heap before GC invocations=233 (full 0):
 garbage-first heap   total 142336K, used 124595K [0x00000000c0000000, 0x0000000100000000)
  region size 1024K, 64 young (65536K), 1 survivors (1024K)
 Metaspace       used 30613K, committed 31360K, reserved 1114112K
  class space    used 2873K, committed 3264K, reserved 1048576K
}
Event: 473391.341 GC heap after
{Heap after GC invocations=234 (full 0):
 garbage-first heap   total 142336K, used 60787K [0x00000000c0000000, 0x0000000100000000)
  region size 1024K, 2 young (2048K), 2 survivors (2048K)
 Metaspace       used 30613K, committed 31360K, reserved 1114112K
  class space    used 2873K, committed 3264K, reserved 1048576K
}
Event: 474093.173 GC heap before
{Heap before GC invocations=234 (full 0):
 garbage-first heap   total 142336K, used 124275K [0x00000000c0000000, 0x0000000100000000)
  region size 1024K, 64 young (65536K), 2 survivors (2048K)
 Metaspace       used 30613K, committed 31360K, reserved 1114112K
  class space    used 2873K, committed 3264K, reserved 1048576K
}
Event: 474093.214 GC heap after
{Heap after GC invocations=235 (full 0):
 garbage-first heap   total 142336K, used 60164K [0x00000000c0000000, 0x0000000100000000)
  region size 1024K, 1 young (1024K), 1 survivors (1024K)
 Metaspace       used 30613K, committed 31360K, reserved 1114112K
  class space    used 2873K, committed 3264K, reserved 1048576K
}
Event: 474932.624 GC heap before
{Heap before GC invocations=235 (full 0):
 garbage-first heap   total 142336K, used 124676K [0x00000000c0000000, 0x0000000100000000)
  region size 1024K, 64 young (65536K), 1 survivors (1024K)
 Metaspace       used 30613K, committed 31360K, reserved 1114112K
  class space    used 2873K, committed 3264K, reserved 1048576K
}
Event: 474932.628 GC heap after
{Heap after GC invocations=236 (full 0):
 garbage-first heap   total 142336K, used 60139K [0x00000000c0000000, 0x0000000100000000)
  region size 1024K, 1 young (1024K), 1 survivors (1024K)
 Metaspace       used 30613K, committed 31360K, reserved 1114112K
  class space    used 2873K, committed 3264K, reserved 1048576K
}
Event: 475772.831 GC heap before
{Heap before GC invocations=236 (full 0):
 garbage-first heap   total 142336K, used 124651K [0x00000000c0000000, 0x0000000100000000)
  region size 1024K, 64 young (65536K), 1 survivors (1024K)
 Metaspace       used 30613K, committed 31360K, reserved 1114112K
  class space    used 2873K, committed 3264K, reserved 1048576K
}
Event: 475772.862 GC heap after
{Heap after GC invocations=237 (full 0):
 garbage-first heap   total 142336K, used 60124K [0x00000000c0000000, 0x0000000100000000)
  region size 1024K, 1 young (1024K), 1 survivors (1024K)
 Metaspace       used 30613K, committed 31360K, reserved 1114112K
  class space    used 2873K, committed 3264K, reserved 1048576K
}
Event: 476644.403 GC heap before
{Heap before GC invocations=237 (full 0):
 garbage-first heap   total 142336K, used 125660K [0x00000000c0000000, 0x0000000100000000)
  region size 1024K, 65 young (66560K), 1 survivors (1024K)
 Metaspace       used 30615K, committed 31360K, reserved 1114112K
  class space    used 2873K, committed 3264K, reserved 1048576K
}
Event: 476644.414 GC heap after
{Heap after GC invocations=238 (full 0):
 garbage-first heap   total 142336K, used 60035K [0x00000000c0000000, 0x0000000100000000)
  region size 1024K, 1 young (1024K), 1 survivors (1024K)
 Metaspace       used 30615K, committed 31360K, reserved 1114112K
  class space    used 2873K, committed 3264K, reserved 1048576K
}

Dll operation events (10 events):
Event: 0.033 Loaded shared library C:\Users\lenovo\.pydev_vscode\java19\jdk-19.0.2+7-jre\bin\java.dll
Event: 0.090 Loaded shared library C:\Users\lenovo\.pydev_vscode\java19\jdk-19.0.2+7-jre\bin\jsvml.dll
Event: 0.399 Loaded shared library C:\Users\lenovo\.pydev_vscode\java19\jdk-19.0.2+7-jre\bin\net.dll
Event: 0.404 Loaded shared library C:\Users\lenovo\.pydev_vscode\java19\jdk-19.0.2+7-jre\bin\nio.dll
Event: 0.419 Loaded shared library C:\Users\lenovo\.pydev_vscode\java19\jdk-19.0.2+7-jre\bin\zip.dll
Event: 0.723 Loaded shared library C:\Users\lenovo\.pydev_vscode\java19\jdk-19.0.2+7-jre\bin\jimage.dll
Event: 2.737 Loaded shared library C:\Users\lenovo\.vscode\extensions\fabioz.vscode-pydev-0.16.0\server\plugins\org.eclipse.equinox.launcher.win32.win32.x86_64_1.2.900.v20240213-1244\eclipse_11900.dll
Event: 7.193 Loaded shared library C:\Users\lenovo\.vscode\extensions\fabioz.vscode-pydev-0.16.0\server\config_win\org.eclipse.osgi\13\0\.cp\os\win32\x86_64\localfile_1_0_0.dll
Event: 7.390 Loaded shared library C:\Users\lenovo\.vscode\extensions\fabioz.vscode-pydev-0.16.0\server\config_win\org.eclipse.osgi\16\0\.cp\os\win32\x86_64\win32refresh.dll
Event: 395315.223 Loaded shared library C:\Users\lenovo\.pydev_vscode\java19\jdk-19.0.2+7-jre\bin\extnet.dll

Deoptimization events (20 events):
Event: 529163.477 Thread 0x00000243e694b020 Uncommon trap: trap_request=0xffffff45 fr.pc=0x00000243d23f9354 relative=0x00000000000000b4
Event: 529163.477 Thread 0x00000243e694b020 Uncommon trap: reason=unstable_if action=reinterpret pc=0x00000243d23f9354 method=org.eclipse.osgi.internal.framework.EquinoxBundle.getState()I @ 14 c2
Event: 529163.478 Thread 0x00000243e694b020 DEOPT PACKING pc=0x00000243d23f9354 sp=0x000000744d8feb80
Event: 529163.478 Thread 0x00000243e694b020 DEOPT UNPACKING pc=0x00000243d1b16da3 sp=0x000000744d8feb20 mode 2
Event: 529163.522 Thread 0x00000243e6949040 Uncommon trap: trap_request=0xffffff45 fr.pc=0x00000243d21b9218 relative=0x0000000000003878
Event: 529163.522 Thread 0x00000243e6949040 Uncommon trap: reason=unstable_if action=reinterpret pc=0x00000243d21b9218 method=java.lang.invoke.MethodType.genericMethodType(IZ)Ljava/lang/invoke/MethodType; @ 27 c2
Event: 529163.522 Thread 0x00000243e6949040 DEOPT PACKING pc=0x00000243d21b9218 sp=0x000000744d5fd5a0
Event: 529163.522 Thread 0x00000243e6949040 DEOPT UNPACKING pc=0x00000243d1b16da3 sp=0x000000744d5fd3b0 mode 2
Event: 529163.523 Thread 0x00000243e6949040 Uncommon trap: trap_request=0xffffff45 fr.pc=0x00000243d23fc3a0 relative=0x00000000000003a0
Event: 529163.523 Thread 0x00000243e6949040 Uncommon trap: reason=unstable_if action=reinterpret pc=0x00000243d23fc3a0 method=java.lang.invoke.MethodType.genericMethodType(IZ)Ljava/lang/invoke/MethodType; @ 27 c2
Event: 529163.523 Thread 0x00000243e6949040 DEOPT PACKING pc=0x00000243d23fc3a0 sp=0x000000744d5fd4f0
Event: 529163.523 Thread 0x00000243e6949040 DEOPT UNPACKING pc=0x00000243d1b16da3 sp=0x000000744d5fd408 mode 2
Event: 529163.532 Thread 0x00000243e6949040 Uncommon trap: trap_request=0xffffffc6 fr.pc=0x00000243d21969dc relative=0x000000000000019c
Event: 529163.532 Thread 0x00000243e6949040 Uncommon trap: reason=bimorphic_or_optimized_type_check action=maybe_recompile pc=0x00000243d21969dc method=org.eclipse.core.internal.dtree.DeltaDataTree.searchNodeAt(Lorg/eclipse/core/runtime/IPath;)Lorg/eclipse/core/internal/dtree/AbstractDataTreeNode; 
Event: 529163.532 Thread 0x00000243e6949040 DEOPT PACKING pc=0x00000243d21969dc sp=0x000000744d5feb90
Event: 529163.533 Thread 0x00000243e6949040 DEOPT UNPACKING pc=0x00000243d1b16da3 sp=0x000000744d5feb28 mode 2
Event: 529163.569 Thread 0x00000243e6948af0 Uncommon trap: trap_request=0xffffff45 fr.pc=0x00000243d241662c relative=0x000000000000010c
Event: 529163.569 Thread 0x00000243e6948af0 Uncommon trap: reason=unstable_if action=reinterpret pc=0x00000243d241662c method=java.util.stream.AbstractPipeline.sourceSpliterator(I)Ljava/util/Spliterator; @ 82 c2
Event: 529163.569 Thread 0x00000243e6948af0 DEOPT PACKING pc=0x00000243d241662c sp=0x000000744d9ff250
Event: 529163.569 Thread 0x00000243e6948af0 DEOPT UNPACKING pc=0x00000243d1b16da3 sp=0x000000744d9ff1e0 mode 2

Classes loaded (20 events):
Event: 529163.104 Loading class java/util/stream/Streams$RangeIntSpliterator
Event: 529163.135 Loading class java/util/stream/Streams$RangeIntSpliterator done
Event: 529163.178 Loading class java/util/stream/IntPipeline$1
Event: 529163.191 Loading class java/util/stream/IntPipeline$1 done
Event: 529163.195 Loading class java/util/stream/IntPipeline$1$1
Event: 529163.202 Loading class java/util/stream/IntPipeline$1$1 done
Event: 529163.413 Loading class java/util/Collections$EmptyListIterator
Event: 529163.419 Loading class java/util/Collections$EmptyListIterator done
Event: 529163.549 Loading class java/util/concurrent/ForkJoinTask$AdaptedCallable
Event: 529163.551 Loading class java/util/concurrent/ForkJoinTask$AdaptedCallable done
Event: 529163.569 Loading class java/util/stream/Nodes$CollectorTask$OfRef
Event: 529163.571 Loading class java/util/stream/Nodes$CollectorTask
Event: 529163.575 Loading class java/util/stream/Nodes$CollectorTask done
Event: 529163.575 Loading class java/util/stream/Nodes$CollectorTask$OfRef done
Event: 529163.577 Loading class java/util/function/LongFunction
Event: 529163.578 Loading class java/util/function/LongFunction done
Event: 529163.579 Loading class java/util/stream/Nodes$ConcNode
Event: 529163.580 Loading class java/util/stream/Nodes$AbstractConcNode
Event: 529163.582 Loading class java/util/stream/Nodes$AbstractConcNode done
Event: 529163.582 Loading class java/util/stream/Nodes$ConcNode done

Classes unloaded (20 events):
Event: 464115.889 Thread 0x00000243df0314d0 Unloading class 0x0000000800ccc000 'java/lang/invoke/LambdaForm$MH+0x0000000800ccc000'
Event: 464115.889 Thread 0x00000243df0314d0 Unloading class 0x0000000800cc4400 'java/lang/invoke/LambdaForm$MH+0x0000000800cc4400'
Event: 464115.890 Thread 0x00000243df0314d0 Unloading class 0x0000000800cb2000 'java/lang/invoke/LambdaForm$MH+0x0000000800cb2000'
Event: 464115.890 Thread 0x00000243df0314d0 Unloading class 0x0000000800c91000 'java/lang/invoke/LambdaForm$MH+0x0000000800c91000'
Event: 464115.890 Thread 0x00000243df0314d0 Unloading class 0x0000000800c90c00 'java/lang/invoke/LambdaForm$MH+0x0000000800c90c00'
Event: 464115.891 Thread 0x00000243df0314d0 Unloading class 0x0000000800c80800 'java/lang/invoke/LambdaForm$MH+0x0000000800c80800'
Event: 464115.891 Thread 0x00000243df0314d0 Unloading class 0x0000000800c80400 'java/lang/invoke/LambdaForm$MH+0x0000000800c80400'
Event: 464115.891 Thread 0x00000243df0314d0 Unloading class 0x0000000800c80000 'java/lang/invoke/LambdaForm$MH+0x0000000800c80000'
Event: 464115.891 Thread 0x00000243df0314d0 Unloading class 0x0000000800c1bc00 'java/lang/invoke/LambdaForm$MH+0x0000000800c1bc00'
Event: 464115.892 Thread 0x00000243df0314d0 Unloading class 0x0000000800c1a800 'java/lang/invoke/LambdaForm$MH+0x0000000800c1a800'
Event: 464115.892 Thread 0x00000243df0314d0 Unloading class 0x0000000800c1a400 'java/lang/invoke/LambdaForm$MH+0x0000000800c1a400'
Event: 464115.892 Thread 0x00000243df0314d0 Unloading class 0x0000000800c19000 'java/lang/invoke/LambdaForm$MH+0x0000000800c19000'
Event: 464115.892 Thread 0x00000243df0314d0 Unloading class 0x0000000800c18c00 'java/lang/invoke/LambdaForm$MH+0x0000000800c18c00'
Event: 464115.892 Thread 0x00000243df0314d0 Unloading class 0x0000000800c18800 'java/lang/invoke/LambdaForm$MH+0x0000000800c18800'
Event: 464115.892 Thread 0x00000243df0314d0 Unloading class 0x0000000800c09800 'java/lang/invoke/LambdaForm$MH+0x0000000800c09800'
Event: 464115.892 Thread 0x00000243df0314d0 Unloading class 0x0000000800c09400 'java/lang/invoke/LambdaForm$MH+0x0000000800c09400'
Event: 464115.892 Thread 0x00000243df0314d0 Unloading class 0x0000000800c06400 'java/lang/invoke/LambdaForm$MH+0x0000000800c06400'
Event: 464115.892 Thread 0x00000243df0314d0 Unloading class 0x0000000800c06000 'java/lang/invoke/LambdaForm$MH+0x0000000800c06000'
Event: 464115.892 Thread 0x00000243df0314d0 Unloading class 0x0000000800c01800 'java/lang/invoke/LambdaForm$MH+0x0000000800c01800'
Event: 464115.892 Thread 0x00000243df0314d0 Unloading class 0x0000000800c00400 'java/lang/invoke/LambdaForm$MH+0x0000000800c00400'

Classes redefined (0 events):
No events

Internal exceptions (20 events):
Event: 397614.349 Thread 0x00000243e3b5d230 Exception <a 'java/lang/IncompatibleClassChangeError'{0x00000000c72a9018}: Found class java.lang.Object, but interface was expected> (0x00000000c72a9018) 
thrown [s\src\hotspot\share\interpreter\linkResolver.cpp, line 841]
Event: 397614.872 Thread 0x00000243e3b5d230 Exception <a 'java/lang/IncompatibleClassChangeError'{0x00000000c719de90}: Found class java.lang.Object, but interface was expected> (0x00000000c719de90) 
thrown [s\src\hotspot\share\interpreter\linkResolver.cpp, line 841]
Event: 397615.567 Thread 0x00000243e694b020 Exception <a 'sun/nio/fs/WindowsException'{0x00000000c6fe1618}> (0x00000000c6fe1618) 
thrown [s\src\hotspot\share\prims\jni.cpp, line 517]
Event: 397615.647 Thread 0x00000243e694b020 Exception <a 'sun/nio/fs/WindowsException'{0x00000000c6e2db88}> (0x00000000c6e2db88) 
thrown [s\src\hotspot\share\prims\jni.cpp, line 517]
Event: 397615.680 Thread 0x00000243e694b020 Exception <a 'sun/nio/fs/WindowsException'{0x00000000c6e552b8}> (0x00000000c6e552b8) 
thrown [s\src\hotspot\share\prims\jni.cpp, line 517]
Event: 397615.685 Thread 0x00000243e694b020 Exception <a 'sun/nio/fs/WindowsException'{0x00000000c6e56580}> (0x00000000c6e56580) 
thrown [s\src\hotspot\share\prims\jni.cpp, line 517]
Event: 397618.790 Thread 0x00000243e6949040 Implicit null exception at 0x00000243d2373c60 to 0x00000243d2373ec0
Event: 397642.844 Thread 0x00000243e694a580 Implicit null exception at 0x00000243d2382340 to 0x00000243d23844b8
Event: 463335.610 Thread 0x00000243e6947b00 Implicit null exception at 0x00000243d2136d00 to 0x00000243d2137abc
Event: 463336.150 Thread 0x00000243e694a030 Exception <a 'java/lang/NoSuchMethodError'{0x00000000c7382010}: 'int java.lang.invoke.DirectMethodHandle$Holder.invokeSpecialIFC(java.lang.Object, java.lang.Object, java.lang.Object, java.lang.Object)'> (0x00000000c7382010) 
thrown [s\src\hotspot\share\interpreter\linkResolver.cpp, line 774]
Event: 463438.455 Thread 0x00000243e3b5d230 Exception <a 'java/lang/IncompatibleClassChangeError'{0x00000000c6101148}: Found class java.lang.Object, but interface was expected> (0x00000000c6101148) 
thrown [s\src\hotspot\share\interpreter\linkResolver.cpp, line 841]
Event: 463456.894 Thread 0x00000243e6949590 Implicit null exception at 0x00000243d251fa84 to 0x00000243d2520378
Event: 464114.944 Thread 0x00000243e3b5d230 Exception <a 'java/lang/IncompatibleClassChangeError'{0x00000000c7345ea0}: Found class java.lang.Object, but interface was expected> (0x00000000c7345ea0) 
thrown [s\src\hotspot\share\interpreter\linkResolver.cpp, line 841]
Event: 464998.627 Thread 0x00000243e694cab0 Exception <a 'java/lang/NoSuchMethodError'{0x00000000c673da78}: 'java.lang.Object java.lang.invoke.DirectMethodHandle$Holder.newInvokeSpecial(java.lang.Object, java.lang.Object, java.lang.Object, java.lang.Object, java.lang.Object, java.lang.Object, java.lang.Object)'> (0x00000000c673da78) 
thrown [s\src\hotspot\share\interpreter\linkResolver.cpp, line 774]
Event: 466420.722 Thread 0x00000243e3b5d230 Exception <a 'java/lang/NoSuchMethodError'{0x00000000c7c67e50}: 'void java.lang.invoke.DelegatingMethodHandle$Holder.reinvoke_L(java.lang.Object, java.lang.Object, int)'> (0x00000000c7c67e50) 
thrown [s\src\hotspot\share\interpreter\linkResolver.cpp, line 774]
Event: 466420.736 Thread 0x00000243e3b5d230 Exception <a 'java/lang/IncompatibleClassChangeError'{0x00000000c7c72680}: Found class java.lang.Object, but interface was expected> (0x00000000c7c72680) 
thrown [s\src\hotspot\share\interpreter\linkResolver.cpp, line 841]
Event: 466435.989 Thread 0x00000243e694a580 Implicit null exception at 0x00000243d2491d04 to 0x00000243d24947a0
Event: 471738.283 Thread 0x00000243e694a580 Implicit null exception at 0x00000243d2643220 to 0x00000243d2643414
Event: 529158.322 Thread 0x00000243e3b5b7a0 Implicit null exception at 0x00000243d23ef44e to 0x00000243d23f3a18
Event: 529163.527 Thread 0x00000243e6949040 Exception <a 'java/lang/NoSuchMethodError'{0x00000000c65652f8}: 'java.lang.Object java.lang.invoke.DirectMethodHandle$Holder.newInvokeSpecial(java.lang.Object, java.lang.Object, java.lang.Object, java.lang.Object, java.lang.Object, java.lang.Object, java.lang.Object, java.lang.Object, java.lang.Object, java.lang.Object)'> (0x00000000c65652f8) 
thrown [s\src\hotspot\share\interpreter\linkResolver.cpp, line 774]

VM Operations (20 events):
Event: 472039.053 Executing VM operation: Cleanup done
Event: 472650.885 Executing VM operation: G1CollectForAllocation
Event: 472650.928 Executing VM operation: G1CollectForAllocation done
Event: 473391.321 Executing VM operation: G1CollectForAllocation
Event: 473391.341 Executing VM operation: G1CollectForAllocation done
Event: 474093.164 Executing VM operation: G1CollectForAllocation
Event: 474093.215 Executing VM operation: G1CollectForAllocation done
Event: 474932.623 Executing VM operation: G1CollectForAllocation
Event: 474932.628 Executing VM operation: G1CollectForAllocation done
Event: 475772.821 Executing VM operation: G1CollectForAllocation
Event: 475772.863 Executing VM operation: G1CollectForAllocation done
Event: 476644.402 Executing VM operation: G1CollectForAllocation
Event: 476644.414 Executing VM operation: G1CollectForAllocation done
Event: 476847.131 Executing VM operation: Cleanup
Event: 476847.131 Executing VM operation: Cleanup done
Event: 529159.963 Executing VM operation: HandshakeAllThreads
Event: 529159.973 Executing VM operation: HandshakeAllThreads done
Event: 529162.988 Executing VM operation: Cleanup
Event: 529162.993 Executing VM operation: Cleanup done
Event: 529164.001 Executing VM operation: Cleanup

Events (20 events):
Event: 475848.198 Thread 0x00000243e6949040 Thread exited: 0x00000243e6949040
Event: 475883.315 Thread 0x00000243e6949040 Thread added: 0x00000243e6949040
Event: 476093.138 Thread 0x00000243e6949040 Thread exited: 0x00000243e6949040
Event: 476240.859 Thread 0x00000243e694a580 Thread added: 0x00000243e694a580
Event: 476390.563 Thread 0x00000243e694b020 Thread exited: 0x00000243e694b020
Event: 476409.655 Thread 0x00000243e6948af0 Thread added: 0x00000243e6948af0
Event: 476784.261 Thread 0x00000243e6948af0 Thread exited: 0x00000243e6948af0
Event: 476823.442 Thread 0x00000243e694b020 Thread added: 0x00000243e694b020
Event: 477001.288 Thread 0x00000243e694b020 Thread exited: 0x00000243e694b020
Event: 487807.898 Thread 0x00000243e69475b0 Thread added: 0x00000243e69475b0
Event: 529161.968 Thread 0x00000243e694aad0 Thread exited: 0x00000243e694aad0
Event: 529162.971 Thread 0x00000243e6949040 Thread added: 0x00000243e6949040
Event: 529163.034 Thread 0x00000243e694c010 Thread exited: 0x00000243e694c010
Event: 529163.035 Thread 0x00000243e694b570 Thread exited: 0x00000243e694b570
Event: 529163.151 Thread 0x00000243e5444190 Thread added: 0x00000243e5444190
Event: 529163.193 Thread 0x00000243e5442030 Thread added: 0x00000243e5442030
Event: 529163.438 Thread 0x00000243e694b020 Thread added: 0x00000243e694b020
Event: 529163.554 Thread 0x00000243e6948af0 Thread added: 0x00000243e6948af0
Event: 529163.555 Thread 0x00000243e694aad0 Thread added: 0x00000243e694aad0
Event: 529164.580 Thread 0x00000243e694b570 Thread added: 0x00000243e694b570


Dynamic libraries:
0x00007ff7a9520000 - 0x00007ff7a952e000 	C:\Users\lenovo\.pydev_vscode\java19\jdk-19.0.2+7-jre\bin\java.exe
0x00007ffb0f9c0000 - 0x00007ffb0fc28000 	C:\WINDOWS\SYSTEM32\ntdll.dll
0x00007ffb0df70000 - 0x00007ffb0e039000 	C:\WINDOWS\System32\KERNEL32.DLL
0x00007ffb0d360000 - 0x00007ffb0d751000 	C:\WINDOWS\System32\KERNELBASE.dll
0x00007ffb0d070000 - 0x00007ffb0d1bb000 	C:\WINDOWS\System32\ucrtbase.dll
0x00007ffa50c10000 - 0x00007ffa50c27000 	C:\Users\lenovo\.pydev_vscode\java19\jdk-19.0.2+7-jre\bin\jli.dll
0x00007ffb0eea0000 - 0x00007ffb0f066000 	C:\WINDOWS\System32\USER32.dll
0x00007ffb0d330000 - 0x00007ffb0d357000 	C:\WINDOWS\System32\win32u.dll
0x00007ffa50bf0000 - 0x00007ffa50c09000 	C:\Users\lenovo\.pydev_vscode\java19\jdk-19.0.2+7-jre\bin\VCRUNTIME140.dll
0x00007ffb0de00000 - 0x00007ffb0de2b000 	C:\WINDOWS\System32\GDI32.dll
0x00007ffaf15a0000 - 0x00007ffaf1833000 	C:\WINDOWS\WinSxS\amd64_microsoft.windows.common-controls_6595b64144ccf1df_6.0.26100.7653_none_3e0b88a0e3318624\COMCTL32.dll
0x00007ffb0e1b0000 - 0x00007ffb0e259000 	C:\WINDOWS\System32\msvcrt.dll
0x00007ffb0c2a0000 - 0x00007ffb0c3cb000 	C:\WINDOWS\System32\gdi32full.dll
0x00007ffb0ce80000 - 0x00007ffb0cf23000 	C:\WINDOWS\System32\msvcp_win.dll
0x00007ffb0d950000 - 0x00007ffb0d981000 	C:\WINDOWS\System32\IMM32.DLL
0x00007ffab22d0000 - 0x00007ffab22dc000 	C:\Users\lenovo\.pydev_vscode\java19\jdk-19.0.2+7-jre\bin\vcruntime140_1.dll
0x00007ffa50b50000 - 0x00007ffa50be1000 	C:\Users\lenovo\.pydev_vscode\java19\jdk-19.0.2+7-jre\bin\msvcp140.dll
0x00007ffa4fe50000 - 0x00007ffa50b41000 	C:\Users\lenovo\.pydev_vscode\java19\jdk-19.0.2+7-jre\bin\server\jvm.dll
0x00007ffb0e9c0000 - 0x00007ffb0ea74000 	C:\WINDOWS\System32\ADVAPI32.dll
0x00007ffb0de30000 - 0x00007ffb0ded6000 	C:\WINDOWS\System32\sechost.dll
0x00007ffb0f500000 - 0x00007ffb0f618000 	C:\WINDOWS\System32\RPCRT4.dll
0x00007ffae0750000 - 0x00007ffae075a000 	C:\WINDOWS\SYSTEM32\WSOCK32.dll
0x00007ffb0e070000 - 0x00007ffb0e0e4000 	C:\WINDOWS\System32\WS2_32.dll
0x00007ffaf63e0000 - 0x00007ffaf6415000 	C:\WINDOWS\SYSTEM32\WINMM.dll
0x00007ffafbf40000 - 0x00007ffafbf4b000 	C:\WINDOWS\SYSTEM32\VERSION.dll
0x00007ffb0b010000 - 0x00007ffb0b02b000 	C:\WINDOWS\SYSTEM32\kernel.appcore.dll
0x00007ffa9e8b0000 - 0x00007ffa9e8ba000 	C:\Users\lenovo\.pydev_vscode\java19\jdk-19.0.2+7-jre\bin\jimage.dll
0x00007ffb0a3d0000 - 0x00007ffb0a612000 	C:\WINDOWS\SYSTEM32\DBGHELP.DLL
0x00007ffb0da70000 - 0x00007ffb0ddf6000 	C:\WINDOWS\System32\combase.dll
0x00007ffb0f630000 - 0x00007ffb0f707000 	C:\WINDOWS\System32\OLEAUT32.dll
0x00007ffaf5ca0000 - 0x00007ffaf5cdb000 	C:\WINDOWS\SYSTEM32\dbgcore.DLL
0x00007ffb0cf30000 - 0x00007ffb0cfd5000 	C:\WINDOWS\System32\bcryptPrimitives.dll
0x00007ffa4fe20000 - 0x00007ffa4fe46000 	C:\Users\lenovo\.pydev_vscode\java19\jdk-19.0.2+7-jre\bin\java.dll
0x00007ffa4fd40000 - 0x00007ffa4fe16000 	C:\Users\lenovo\.pydev_vscode\java19\jdk-19.0.2+7-jre\bin\jsvml.dll
0x00007ffb0e260000 - 0x00007ffb0e9b1000 	C:\WINDOWS\System32\SHELL32.dll
0x00007ffb0d1c0000 - 0x00007ffb0d32a000 	C:\WINDOWS\System32\wintypes.dll
0x00007ffb0c550000 - 0x00007ffb0cdb4000 	C:\WINDOWS\System32\windows.storage.dll
0x00007ffb0ea80000 - 0x00007ffb0eb76000 	C:\WINDOWS\System32\SHCORE.dll
0x00007ffb0da00000 - 0x00007ffb0da67000 	C:\WINDOWS\System32\shlwapi.dll
0x00007ffb0c1c0000 - 0x00007ffb0c1e8000 	C:\WINDOWS\SYSTEM32\profapi.dll
0x00007ffa4fd20000 - 0x00007ffa4fd33000 	C:\Users\lenovo\.pydev_vscode\java19\jdk-19.0.2+7-jre\bin\net.dll
0x00007ffb02490000 - 0x00007ffb025b7000 	C:\WINDOWS\SYSTEM32\WINHTTP.dll
0x00007ffb0b560000 - 0x00007ffb0b5cb000 	C:\WINDOWS\system32\mswsock.dll
0x00007ffa4fd00000 - 0x00007ffa4fd16000 	C:\Users\lenovo\.pydev_vscode\java19\jdk-19.0.2+7-jre\bin\nio.dll
0x00007ffa4fce0000 - 0x00007ffa4fcf8000 	C:\Users\lenovo\.pydev_vscode\java19\jdk-19.0.2+7-jre\bin\zip.dll
0x00007ffa4fca0000 - 0x00007ffa4fcde000 	C:\Users\lenovo\.vscode\extensions\fabioz.vscode-pydev-0.16.0\server\plugins\org.eclipse.equinox.launcher.win32.win32.x86_64_1.2.900.v20240213-1244\eclipse_11900.dll
0x00007ffb0eb80000 - 0x00007ffb0ed17000 	C:\WINDOWS\System32\ole32.dll
0x0000000180000000 - 0x0000000180012000 	C:\Users\lenovo\.vscode\extensions\fabioz.vscode-pydev-0.16.0\server\config_win\org.eclipse.osgi\13\0\.cp\os\win32\x86_64\localfile_1_0_0.dll
0x00007ffa4e960000 - 0x00007ffa4e97b000 	C:\Users\lenovo\.vscode\extensions\fabioz.vscode-pydev-0.16.0\server\config_win\org.eclipse.osgi\16\0\.cp\os\win32\x86_64\win32refresh.dll
0x00007ffb0b7b0000 - 0x00007ffb0b7bc000 	C:\WINDOWS\SYSTEM32\CRYPTBASE.DLL
0x00007ffb0b950000 - 0x00007ffb0b96b000 	C:\WINDOWS\SYSTEM32\CRYPTSP.dll
0x00007ffb0af70000 - 0x00007ffb0afa9000 	C:\WINDOWS\system32\rsaenh.dll
0x00007ffb0b610000 - 0x00007ffb0b63b000 	C:\WINDOWS\SYSTEM32\USERENV.dll
0x00007ffb0c190000 - 0x00007ffb0c1ba000 	C:\WINDOWS\SYSTEM32\bcrypt.dll
0x00007ffb0aa10000 - 0x00007ffb0aa44000 	C:\WINDOWS\SYSTEM32\IPHLPAPI.DLL
0x00007ffb0d9f0000 - 0x00007ffb0d9fa000 	C:\WINDOWS\System32\NSI.dll
0x00007ffb028c0000 - 0x00007ffb028de000 	C:\WINDOWS\SYSTEM32\dhcpcsvc6.DLL
0x00007ffb02780000 - 0x00007ffb027a3000 	C:\WINDOWS\SYSTEM32\dhcpcsvc.DLL
0x00007ffb0aaa0000 - 0x00007ffb0abcc000 	C:\WINDOWS\SYSTEM32\DNSAPI.dll
0x00007ffb03170000 - 0x00007ffb03178000 	C:\Users\lenovo\.pydev_vscode\java19\jdk-19.0.2+7-jre\bin\extnet.dll
0x00007ffb0b130000 - 0x00007ffb0b166000 	C:\WINDOWS\SYSTEM32\ntmarta.dll

dbghelp: loaded successfully - version: 4.0.5 - missing functions: none
symbol engine: initialized successfully - sym options: 0x614 - pdb path: .;C:\Users\lenovo\.pydev_vscode\java19\jdk-19.0.2+7-jre\bin;C:\WINDOWS\SYSTEM32;C:\WINDOWS\WinSxS\amd64_microsoft.windows.common-controls_6595b64144ccf1df_6.0.26100.7653_none_3e0b88a0e3318624;C:\Users\lenovo\.pydev_vscode\java19\jdk-19.0.2+7-jre\bin\server;C:\Users\lenovo\.vscode\extensions\fabioz.vscode-pydev-0.16.0\server\plugins\org.eclipse.equinox.launcher.win32.win32.x86_64_1.2.900.v20240213-1244;C:\Users\lenovo\.vscode\extensions\fabioz.vscode-pydev-0.16.0\server\config_win\org.eclipse.osgi\13\0\.cp\os\win32\x86_64;C:\Users\lenovo\.vscode\extensions\fabioz.vscode-pydev-0.16.0\server\config_win\org.eclipse.osgi\16\0\.cp\os\win32\x86_64

VM Arguments:
jvm_args: --add-modules=ALL-SYSTEM --add-opens=java.base/java.util=ALL-UNNAMED --add-opens=java.base/java.lang=ALL-UNNAMED -Declipse.application=org.python.pydev.pydev_lsp.application -Dosgi.bundles.defaultStartLevel=4 -Declipse.product=org.python.pydev.pydev_lsp.product -Xmx1G -XX:+UseG1GC -XX:+UseStringDeduplication 
java_command: c:\Users\lenovo\.vscode\extensions\fabioz.vscode-pydev-0.16.0\server\plugins\org.eclipse.equinox.launcher_1.6.700.v20240213-1244.jar -configuration c:\Users\lenovo\.vscode\extensions\fabioz.vscode-pydev-0.16.0\server\config_win -data c:\Users\lenovo\AppData\Roaming\Code\User\workspaceStorage\240435d0fa89db6fcbcb1b59095e7c16\fabioz.vscode-pydev\pydev_ws
java_class_path (initial): c:\Users\lenovo\.vscode\extensions\fabioz.vscode-pydev-0.16.0\server\plugins\org.eclipse.equinox.launcher_1.6.700.v20240213-1244.jar
Launcher Type: SUN_STANDARD

[Global flags]
     intx CICompilerCount                          = 4                                         {product} {ergonomic}
     uint ConcGCThreads                            = 2                                         {product} {ergonomic}
     uint G1ConcRefinementThreads                  = 8                                         {product} {ergonomic}
   size_t G1HeapRegionSize                         = 1048576                                   {product} {ergonomic}
    uintx GCDrainStackTargetSize                   = 64                                        {product} {ergonomic}
   size_t InitialHeapSize                          = 132120576                                 {product} {ergonomic}
   size_t MarkStackSize                            = 4194304                                   {product} {ergonomic}
   size_t MaxHeapSize                              = 1073741824                                {product} {command line}
   size_t MaxNewSize                               = 643825664                                 {product} {ergonomic}
   size_t MinHeapDeltaBytes                        = 1048576                                   {product} {ergonomic}
   size_t MinHeapSize                              = 8388608                                   {product} {ergonomic}
    uintx NonNMethodCodeHeapSize                   = 5839372                                {pd product} {ergonomic}
    uintx NonProfiledCodeHeapSize                  = 122909434                              {pd product} {ergonomic}
    uintx ProfiledCodeHeapSize                     = 122909434                              {pd product} {ergonomic}
    uintx ReservedCodeCacheSize                    = 251658240                              {pd product} {ergonomic}
     bool SegmentedCodeCache                       = true                                      {product} {ergonomic}
   size_t SoftMaxHeapSize                          = 1073741824                             {manageable} {ergonomic}
     bool UseCompressedClassPointers               = true                           {product lp64_product} {ergonomic}
     bool UseCompressedOops                        = true                           {product lp64_product} {ergonomic}
     bool UseG1GC                                  = true                                      {product} {command line}
     bool UseLargePagesIndividualAllocation        = false                                  {pd product} {ergonomic}
     bool UseStringDeduplication                   = true                                      {product} {command line}

Logging:
Log output configuration:
 #0: stdout all=warning uptime,level,tags foldmultilines=false
 #1: stderr all=off uptime,level,tags foldmultilines=false

Environment Variables:
JAVA_HOME=C:\Program Files\Java\jdk-24
PATH=C:\app\lenovo\product\21c\dbhomeXE\bin;C:\Program Files\Python313\Scripts\;C:\Program Files\Python313\;C:\Program Files\Common Files\Oracle\Java\javapath;C:\Program Files (x86)\Common Files\Oracle\Java\java8path;C:\Program Files (x86)\Common Files\Oracle\Java\javapath;C:\Program Files (x86)\VMware\VMware Workstation\bin\;C:\WINDOWS\system32;C:\WINDOWS;C:\WINDOWS\System32\Wbem;C:\WINDOWS\System32\WindowsPowerShell\v1.0\;C:\WINDOWS\System32\OpenSSH\;C:\Program Files\Java\jdk-24;C:\Program Files\Java\jdk-24\bin;C:\Program Files (x86)\Microsoft SQL Server\160\Tools\Binn\;C:\Program Files\Microsoft SQL Server\160\Tools\Binn\;C:\Program Files\Microsoft SQL Server\Client SDK\ODBC\170\Tools\Binn\;C:\Program Files\Microsoft SQL Server\160\DTS\Binn\;C:\Program Files (x86)\Microsoft SQL Server\160\DTS\Binn\;C:\Program Files\nodejs\;C:\ProgramData\chocolatey\bin;C:\Program Files\Git\cmd;C:\Program Files\dotnet\;C:\Program Files\MongoDB\Server\8.2\mongosh-2.5.9-win32-x64\mongosh-2.5.9-win32-x64\bin;C:\Program Files\MongoDB\Server\8.2\mongodb-database-tools-windows-x86_64-100.13.0;C:\Program Files\MongoDB\Server\8.2\mongodb-database-tools-windows-x86_64-100.13.0\mongodb-database-tools-windows-x86_64-100.13.0\bin;C:\Program Files\PowerShell\7\;C:\Program Files\PowerShell\7-preview\preview;C:\Users\lenovo\.config\herd\bin\nvm;C:\Program Files\nodejs;C:\ProgramData\ComposerSetup\bin;C:\Users\lenovo\AppData\Roaming\Composer\vendor\bin;C:\wamp\bin\php\php8.2.0;C:\app\lenovo\product\21c\dbhomeXE\bin;C:\Program Files\Python313\Scripts\;C:\Program Files\Python313\;C:\Program Files\Common Files\Oracle\Java\javapath;C:\Program Files (x86)\Common Files\Oracle\Java\java8path;C:\Program Files (x86)\Common Files\Oracle\Java\javapath;C:\Program Files (x86)\VMware\VMware Workstation\bin\;C:\WINDOWS\system32;C:\WINDOWS;C:\WINDOWS\System32\Wbem;C:\WINDOWS\System32\WindowsPowerShell\v1.0\;C:\WINDOWS\System32\OpenSSH\;C:\Program Files\Java\jdk-24;C:\Program Files\Java\jdk-24\bin;C:\Program Files (x86)\Microsoft SQL Server\160\Tools\Binn\;C:\Program Files\Microsoft SQL Server\160\Tools\Binn\;C:\Program Files\Microsoft SQL Server\Client SDK\ODBC\170\Tools\Binn\;C:\Program Files\Microsoft SQL Server\160\DTS\Binn\;C:\Program Files (x86)\Microsoft SQL Server\160\DTS\Binn\;C:\Program Files\nodejs\;C:\ProgramData\chocolatey\bin;C:\Program Files\Git\cmd;C:\Program Files\dotnet\;C:\Program Files\MongoDB\Server\8.2\mongosh-2.5.9-win32-x64\mongosh-2.5.9-win32-x64\bin;C:\Program Files\MongoD;C:\Users\lenovo\AppData\Local\Programs\Microsoft VS Code\bin
USERNAME=lenovo
OS=Windows_NT
PROCESSOR_IDENTIFIER=Intel64 Family 6 Model 142 Stepping 10, GenuineIntel
TMP=C:\Users\lenovo\AppData\Local\Temp
TEMP=C:\Users\lenovo\AppData\Local\Temp



---------------  S Y S T E M  ---------------

OS:
 Windows 11 , 64 bit Build 26100 (10.0.26100.7653)
OS uptime: 6 days 11:17 hours
Hyper-V role detected

CPU: total 8 (initial active 8) (4 cores per cpu, 2 threads per core) family 6 model 142 stepping 10 microcode 0xf6, cx8, cmov, fxsr, ht, mmx, 3dnowpref, sse, sse2, sse3, ssse3, sse4.1, sse4.2, popcnt, lzcnt, tsc, tscinvbit, avx, avx2, aes, erms, clmul, bmi1, bmi2, rtm, adx, fma, vzeroupper, clflush, clflushopt, hv, rdtscp

Memory: 4k page, system-wide physical 8035M (613M free)
TotalPageFile size 32084M (AvailPageFile size 1M)
current process WorkingSet (physical memory assigned to process): 94M, peak: 261M
current process commit charge ("private bytes"): 328M, peak: 353M

vm_info: OpenJDK 64-Bit Server VM (19.0.2+7) for windows-amd64 JRE (19.0.2+7), built on 2023-01-17T00:00:00Z by "temurin" with MS VC++ 16.7 (VS2019)

END.
